[0.084s] DEBUG:colcon:Command line arguments: ['/usr/bin/colcon', 'build']
[0.084s] DEBUG:colcon:Parsed command line arguments: Namespace(log_base=None, log_level=None, verb_name='build', build_base='build', install_base='install', merge_install=False, symlink_install=False, test_result_base=None, continue_on_error=False, executor='parallel', parallel_workers=20, event_handlers=None, ignore_user_meta=False, metas=['./colcon.meta'], base_paths=['.'], packages_ignore=None, packages_ignore_regex=None, paths=None, packages_up_to=None, packages_up_to_regex=None, packages_above=None, packages_above_and_dependencies=None, packages_above_depth=None, packages_select_by_dep=None, packages_skip_by_dep=None, packages_skip_up_to=None, packages_select_build_failed=False, packages_skip_build_finished=False, packages_select_test_failures=False, packages_skip_test_passed=False, packages_select=None, packages_skip=None, packages_select_regex=None, packages_skip_regex=None, packages_start=None, packages_end=None, allow_overriding=[], cmake_args=None, cmake_target=None, cmake_target_skip_unavailable=False, cmake_clean_cache=False, cmake_clean_first=False, cmake_force_configure=False, ament_cmake_args=None, catkin_cmake_args=None, catkin_skip_building_tests=False, mixin_files=None, mixin=None, verb_parser=<colcon_mixin.mixin.mixin_argument.MixinArgumentDecorator object at 0x71ea5135d0d0>, verb_extension=<colcon_core.verb.build.BuildVerb object at 0x71ea515fe570>, main=<bound method BuildVerb.main of <colcon_core.verb.build.BuildVerb object at 0x71ea515fe570>>, mixin_verb=('build',))
[0.116s] Level 1:colcon.colcon_core.package_discovery:discover_packages(colcon_meta) check parameters
[0.116s] Level 1:colcon.colcon_core.package_discovery:discover_packages(recursive) check parameters
[0.116s] Level 1:colcon.colcon_core.package_discovery:discover_packages(ignore) check parameters
[0.117s] Level 1:colcon.colcon_core.package_discovery:discover_packages(path) check parameters
[0.117s] Level 1:colcon.colcon_core.package_discovery:discover_packages(colcon_meta) discover
[0.117s] Level 1:colcon.colcon_core.package_discovery:discover_packages(recursive) discover
[0.117s] INFO:colcon.colcon_core.package_discovery:Crawling recursively for packages in '/home/bangadmadhav/real_shit/ros2-mobile-manipulator'
[0.117s] Level 1:colcon.colcon_core.package_identification:_identify(.) by extensions ['ignore', 'ignore_ament_install']
[0.117s] Level 1:colcon.colcon_core.package_identification:_identify(.) by extension 'ignore'
[0.117s] Level 1:colcon.colcon_core.package_identification:_identify(.) by extension 'ignore_ament_install'
[0.117s] Level 1:colcon.colcon_core.package_identification:_identify(.) by extensions ['colcon_pkg']
[0.117s] Level 1:colcon.colcon_core.package_identification:_identify(.) by extension 'colcon_pkg'
[0.117s] Level 1:colcon.colcon_core.package_identification:_identify(.) by extensions ['colcon_meta']
[0.117s] Level 1:colcon.colcon_core.package_identification:_identify(.) by extension 'colcon_meta'
[0.117s] Level 1:colcon.colcon_core.package_identification:_identify(.) by extensions ['ros']
[0.117s] Level 1:colcon.colcon_core.package_identification:_identify(.) by extension 'ros'
[0.142s] Level 1:colcon.colcon_core.package_identification:_identify(.) by extensions ['cmake', 'python']
[0.142s] Level 1:colcon.colcon_core.package_identification:_identify(.) by extension 'cmake'
[0.142s] Level 1:colcon.colcon_core.package_identification:_identify(.) by extension 'python'
[0.142s] Level 1:colcon.colcon_core.package_identification:_identify(.) by extensions ['python_setup_py']
[0.142s] Level 1:colcon.colcon_core.package_identification:_identify(.) by extension 'python_setup_py'
[0.142s] Level 1:colcon.colcon_core.package_identification:_identify(build) by extensions ['ignore', 'ignore_ament_install']
[0.142s] Level 1:colcon.colcon_core.package_identification:_identify(build) by extension 'ignore'
[0.142s] Level 1:colcon.colcon_core.package_identification:_identify(build) ignored
[0.142s] Level 1:colcon.colcon_core.package_identification:_identify(docs) by extensions ['ignore', 'ignore_ament_install']
[0.142s] Level 1:colcon.colcon_core.package_identification:_identify(docs) by extension 'ignore'
[0.142s] Level 1:colcon.colcon_core.package_identification:_identify(docs) by extension 'ignore_ament_install'
[0.142s] Level 1:colcon.colcon_core.package_identification:_identify(docs) by extensions ['colcon_pkg']
[0.143s] Level 1:colcon.colcon_core.package_identification:_identify(docs) by extension 'colcon_pkg'
[0.143s] Level 1:colcon.colcon_core.package_identification:_identify(docs) by extensions ['colcon_meta']
[0.143s] Level 1:colcon.colcon_core.package_identification:_identify(docs) by extension 'colcon_meta'
[0.143s] Level 1:colcon.colcon_core.package_identification:_identify(docs) by extensions ['ros']
[0.143s] Level 1:colcon.colcon_core.package_identification:_identify(docs) by extension 'ros'
[0.143s] Level 1:colcon.colcon_core.package_identification:_identify(docs) by extensions ['cmake', 'python']
[0.143s] Level 1:colcon.colcon_core.package_identification:_identify(docs) by extension 'cmake'
[0.143s] Level 1:colcon.colcon_core.package_identification:_identify(docs) by extension 'python'
[0.143s] Level 1:colcon.colcon_core.package_identification:_identify(docs) by extensions ['python_setup_py']
[0.143s] Level 1:colcon.colcon_core.package_identification:_identify(docs) by extension 'python_setup_py'
[0.143s] Level 1:colcon.colcon_core.package_identification:_identify(install) by extensions ['ignore', 'ignore_ament_install']
[0.143s] Level 1:colcon.colcon_core.package_identification:_identify(install) by extension 'ignore'
[0.143s] Level 1:colcon.colcon_core.package_identification:_identify(install) ignored
[0.143s] Level 1:colcon.colcon_core.package_identification:_identify(log) by extensions ['ignore', 'ignore_ament_install']
[0.143s] Level 1:colcon.colcon_core.package_identification:_identify(log) by extension 'ignore'
[0.143s] Level 1:colcon.colcon_core.package_identification:_identify(log) ignored
[0.143s] Level 1:colcon.colcon_core.package_identification:_identify(media) by extensions ['ignore', 'ignore_ament_install']
[0.143s] Level 1:colcon.colcon_core.package_identification:_identify(media) by extension 'ignore'
[0.143s] Level 1:colcon.colcon_core.package_identification:_identify(media) by extension 'ignore_ament_install'
[0.143s] Level 1:colcon.colcon_core.package_identification:_identify(media) by extensions ['colcon_pkg']
[0.143s] Level 1:colcon.colcon_core.package_identification:_identify(media) by extension 'colcon_pkg'
[0.143s] Level 1:colcon.colcon_core.package_identification:_identify(media) by extensions ['colcon_meta']
[0.143s] Level 1:colcon.colcon_core.package_identification:_identify(media) by extension 'colcon_meta'
[0.143s] Level 1:colcon.colcon_core.package_identification:_identify(media) by extensions ['ros']
[0.143s] Level 1:colcon.colcon_core.package_identification:_identify(media) by extension 'ros'
[0.143s] Level 1:colcon.colcon_core.package_identification:_identify(media) by extensions ['cmake', 'python']
[0.143s] Level 1:colcon.colcon_core.package_identification:_identify(media) by extension 'cmake'
[0.143s] Level 1:colcon.colcon_core.package_identification:_identify(media) by extension 'python'
[0.143s] Level 1:colcon.colcon_core.package_identification:_identify(media) by extensions ['python_setup_py']
[0.143s] Level 1:colcon.colcon_core.package_identification:_identify(media) by extension 'python_setup_py'
[0.143s] Level 1:colcon.colcon_core.package_identification:_identify(mm_ws) by extensions ['ignore', 'ignore_ament_install']
[0.144s] Level 1:colcon.colcon_core.package_identification:_identify(mm_ws) by extension 'ignore'
[0.144s] Level 1:colcon.colcon_core.package_identification:_identify(mm_ws) by extension 'ignore_ament_install'
[0.144s] Level 1:colcon.colcon_core.package_identification:_identify(mm_ws) by extensions ['colcon_pkg']
[0.144s] Level 1:colcon.colcon_core.package_identification:_identify(mm_ws) by extension 'colcon_pkg'
[0.144s] Level 1:colcon.colcon_core.package_identification:_identify(mm_ws) by extensions ['colcon_meta']
[0.144s] Level 1:colcon.colcon_core.package_identification:_identify(mm_ws) by extension 'colcon_meta'
[0.144s] Level 1:colcon.colcon_core.package_identification:_identify(mm_ws) by extensions ['ros']
[0.144s] Level 1:colcon.colcon_core.package_identification:_identify(mm_ws) by extension 'ros'
[0.144s] Level 1:colcon.colcon_core.package_identification:_identify(mm_ws) by extensions ['cmake', 'python']
[0.144s] Level 1:colcon.colcon_core.package_identification:_identify(mm_ws) by extension 'cmake'
[0.144s] Level 1:colcon.colcon_core.package_identification:_identify(mm_ws) by extension 'python'
[0.144s] Level 1:colcon.colcon_core.package_identification:_identify(mm_ws) by extensions ['python_setup_py']
[0.144s] Level 1:colcon.colcon_core.package_identification:_identify(mm_ws) by extension 'python_setup_py'
[0.144s] Level 1:colcon.colcon_core.package_identification:_identify(mm_ws/build) by extensions ['ignore', 'ignore_ament_install']
[0.144s] Level 1:colcon.colcon_core.package_identification:_identify(mm_ws/build) by extension 'ignore'
[0.144s] Level 1:colcon.colcon_core.package_identification:_identify(mm_ws/build) ignored
[0.144s] Level 1:colcon.colcon_core.package_identification:_identify(mm_ws/install) by extensions ['ignore', 'ignore_ament_install']
[0.144s] Level 1:colcon.colcon_core.package_identification:_identify(mm_ws/install) by extension 'ignore'
[0.144s] Level 1:colcon.colcon_core.package_identification:_identify(mm_ws/install) ignored
[0.144s] Level 1:colcon.colcon_core.package_identification:_identify(mm_ws/log) by extensions ['ignore', 'ignore_ament_install']
[0.144s] Level 1:colcon.colcon_core.package_identification:_identify(mm_ws/log) by extension 'ignore'
[0.144s] Level 1:colcon.colcon_core.package_identification:_identify(mm_ws/log) ignored
[0.144s] Level 1:colcon.colcon_core.package_identification:_identify(mm_ws/src) by extensions ['ignore', 'ignore_ament_install']
[0.144s] Level 1:colcon.colcon_core.package_identification:_identify(mm_ws/src) by extension 'ignore'
[0.144s] Level 1:colcon.colcon_core.package_identification:_identify(mm_ws/src) by extension 'ignore_ament_install'
[0.144s] Level 1:colcon.colcon_core.package_identification:_identify(mm_ws/src) by extensions ['colcon_pkg']
[0.144s] Level 1:colcon.colcon_core.package_identification:_identify(mm_ws/src) by extension 'colcon_pkg'
[0.144s] Level 1:colcon.colcon_core.package_identification:_identify(mm_ws/src) by extensions ['colcon_meta']
[0.144s] Level 1:colcon.colcon_core.package_identification:_identify(mm_ws/src) by extension 'colcon_meta'
[0.144s] Level 1:colcon.colcon_core.package_identification:_identify(mm_ws/src) by extensions ['ros']
[0.144s] Level 1:colcon.colcon_core.package_identification:_identify(mm_ws/src) by extension 'ros'
[0.145s] Level 1:colcon.colcon_core.package_identification:_identify(mm_ws/src) by extensions ['cmake', 'python']
[0.145s] Level 1:colcon.colcon_core.package_identification:_identify(mm_ws/src) by extension 'cmake'
[0.145s] Level 1:colcon.colcon_core.package_identification:_identify(mm_ws/src) by extension 'python'
[0.145s] Level 1:colcon.colcon_core.package_identification:_identify(mm_ws/src) by extensions ['python_setup_py']
[0.145s] Level 1:colcon.colcon_core.package_identification:_identify(mm_ws/src) by extension 'python_setup_py'
[0.145s] Level 1:colcon.colcon_core.package_identification:_identify(mm_ws/src/mobile_manipulator_bringup) by extensions ['ignore', 'ignore_ament_install']
[0.145s] Level 1:colcon.colcon_core.package_identification:_identify(mm_ws/src/mobile_manipulator_bringup) by extension 'ignore'
[0.145s] Level 1:colcon.colcon_core.package_identification:_identify(mm_ws/src/mobile_manipulator_bringup) by extension 'ignore_ament_install'
[0.145s] Level 1:colcon.colcon_core.package_identification:_identify(mm_ws/src/mobile_manipulator_bringup) by extensions ['colcon_pkg']
[0.145s] Level 1:colcon.colcon_core.package_identification:_identify(mm_ws/src/mobile_manipulator_bringup) by extension 'colcon_pkg'
[0.145s] Level 1:colcon.colcon_core.package_identification:_identify(mm_ws/src/mobile_manipulator_bringup) by extensions ['colcon_meta']
[0.145s] Level 1:colcon.colcon_core.package_identification:_identify(mm_ws/src/mobile_manipulator_bringup) by extension 'colcon_meta'
[0.145s] Level 1:colcon.colcon_core.package_identification:_identify(mm_ws/src/mobile_manipulator_bringup) by extensions ['ros']
[0.145s] Level 1:colcon.colcon_core.package_identification:_identify(mm_ws/src/mobile_manipulator_bringup) by extension 'ros'
[0.147s] DEBUG:colcon.colcon_core.package_identification:Package 'mm_ws/src/mobile_manipulator_bringup' with type 'ros.ament_cmake' and name 'mobile_manipulator_bringup'
[0.148s] Level 1:colcon.colcon_core.package_identification:_identify(mm_ws/src/mobile_manipulator_description) by extensions ['ignore', 'ignore_ament_install']
[0.148s] Level 1:colcon.colcon_core.package_identification:_identify(mm_ws/src/mobile_manipulator_description) by extension 'ignore'
[0.148s] Level 1:colcon.colcon_core.package_identification:_identify(mm_ws/src/mobile_manipulator_description) by extension 'ignore_ament_install'
[0.148s] Level 1:colcon.colcon_core.package_identification:_identify(mm_ws/src/mobile_manipulator_description) by extensions ['colcon_pkg']
[0.148s] Level 1:colcon.colcon_core.package_identification:_identify(mm_ws/src/mobile_manipulator_description) by extension 'colcon_pkg'
[0.148s] Level 1:colcon.colcon_core.package_identification:_identify(mm_ws/src/mobile_manipulator_description) by extensions ['colcon_meta']
[0.148s] Level 1:colcon.colcon_core.package_identification:_identify(mm_ws/src/mobile_manipulator_description) by extension 'colcon_meta'
[0.148s] Level 1:colcon.colcon_core.package_identification:_identify(mm_ws/src/mobile_manipulator_description) by extensions ['ros']
[0.148s] Level 1:colcon.colcon_core.package_identification:_identify(mm_ws/src/mobile_manipulator_description) by extension 'ros'
[0.149s] DEBUG:colcon.colcon_core.package_identification:Package 'mm_ws/src/mobile_manipulator_description' with type 'ros.ament_cmake' and name 'mobile_manipulator_description'
[0.149s] Level 1:colcon.colcon_core.package_discovery:discover_packages(recursive) using defaults
[0.149s] Level 1:colcon.colcon_core.package_discovery:discover_packages(ignore) discover
[0.149s] Level 1:colcon.colcon_core.package_discovery:discover_packages(ignore) using defaults
[0.149s] Level 1:colcon.colcon_core.package_discovery:discover_packages(path) discover
[0.149s] Level 1:colcon.colcon_core.package_discovery:discover_packages(path) using defaults
[0.165s] Level 1:colcon.colcon_core.package_discovery:discover_packages(prefix_path) check parameters
[0.165s] Level 1:colcon.colcon_core.package_discovery:discover_packages(prefix_path) discover
[0.167s] DEBUG:colcon.colcon_installed_package_information.package_discovery:Found 2 installed packages in /home/bangadmadhav/real_shit/ros2-mobile-manipulator/install
[0.167s] DEBUG:colcon.colcon_installed_package_information.package_discovery:Found 2 installed packages in /home/bangadmadhav/real_shit/ros2-mobile-manipulator/mm_ws/install
[0.168s] DEBUG:colcon.colcon_installed_package_information.package_discovery:Found 323 installed packages in /opt/ros/jazzy
[0.169s] Level 1:colcon.colcon_core.package_discovery:discover_packages(prefix_path) using defaults
[0.203s] Level 5:colcon.colcon_core.verb:set package 'mobile_manipulator_bringup' build argument 'cmake_args' from command line to 'None'
[0.203s] Level 5:colcon.colcon_core.verb:set package 'mobile_manipulator_bringup' build argument 'cmake_target' from command line to 'None'
[0.203s] Level 5:colcon.colcon_core.verb:set package 'mobile_manipulator_bringup' build argument 'cmake_target_skip_unavailable' from command line to 'False'
[0.203s] Level 5:colcon.colcon_core.verb:set package 'mobile_manipulator_bringup' build argument 'cmake_clean_cache' from command line to 'False'
[0.203s] Level 5:colcon.colcon_core.verb:set package 'mobile_manipulator_bringup' build argument 'cmake_clean_first' from command line to 'False'
[0.203s] Level 5:colcon.colcon_core.verb:set package 'mobile_manipulator_bringup' build argument 'cmake_force_configure' from command line to 'False'
[0.203s] Level 5:colcon.colcon_core.verb:set package 'mobile_manipulator_bringup' build argument 'ament_cmake_args' from command line to 'None'
[0.203s] Level 5:colcon.colcon_core.verb:set package 'mobile_manipulator_bringup' build argument 'catkin_cmake_args' from command line to 'None'
[0.203s] Level 5:colcon.colcon_core.verb:set package 'mobile_manipulator_bringup' build argument 'catkin_skip_building_tests' from command line to 'False'
[0.203s] DEBUG:colcon.colcon_core.verb:Building package 'mobile_manipulator_bringup' with the following arguments: {'ament_cmake_args': None, 'build_base': '/home/bangadmadhav/real_shit/ros2-mobile-manipulator/build/mobile_manipulator_bringup', 'catkin_cmake_args': None, 'catkin_skip_building_tests': False, 'cmake_args': None, 'cmake_clean_cache': False, 'cmake_clean_first': False, 'cmake_force_configure': False, 'cmake_target': None, 'cmake_target_skip_unavailable': False, 'install_base': '/home/bangadmadhav/real_shit/ros2-mobile-manipulator/install/mobile_manipulator_bringup', 'merge_install': False, 'path': '/home/bangadmadhav/real_shit/ros2-mobile-manipulator/mm_ws/src/mobile_manipulator_bringup', 'symlink_install': False, 'test_result_base': None}
[0.203s] Level 5:colcon.colcon_core.verb:set package 'mobile_manipulator_description' build argument 'cmake_args' from command line to 'None'
[0.203s] Level 5:colcon.colcon_core.verb:set package 'mobile_manipulator_description' build argument 'cmake_target' from command line to 'None'
[0.203s] Level 5:colcon.colcon_core.verb:set package 'mobile_manipulator_description' build argument 'cmake_target_skip_unavailable' from command line to 'False'
[0.203s] Level 5:colcon.colcon_core.verb:set package 'mobile_manipulator_description' build argument 'cmake_clean_cache' from command line to 'False'
[0.203s] Level 5:colcon.colcon_core.verb:set package 'mobile_manipulator_description' build argument 'cmake_clean_first' from command line to 'False'
[0.203s] Level 5:colcon.colcon_core.verb:set package 'mobile_manipulator_description' build argument 'cmake_force_configure' from command line to 'False'
[0.203s] Level 5:colcon.colcon_core.verb:set package 'mobile_manipulator_description' build argument 'ament_cmake_args' from command line to 'None'
[0.203s] Level 5:colcon.colcon_core.verb:set package 'mobile_manipulator_description' build argument 'catkin_cmake_args' from command line to 'None'
[0.203s] Level 5:colcon.colcon_core.verb:set package 'mobile_manipulator_description' build argument 'catkin_skip_building_tests' from command line to 'False'
[0.203s] DEBUG:colcon.colcon_core.verb:Building package 'mobile_manipulator_description' with the following arguments: {'ament_cmake_args': None, 'build_base': '/home/bangadmadhav/real_shit/ros2-mobile-manipulator/build/mobile_manipulator_description', 'catkin_cmake_args': None, 'catkin_skip_building_tests': False, 'cmake_args': None, 'cmake_clean_cache': False, 'cmake_clean_first': False, 'cmake_force_configure': False, 'cmake_target': None, 'cmake_target_skip_unavailable': False, 'install_base': '/home/bangadmadhav/real_shit/ros2-mobile-manipulator/install/mobile_manipulator_description', 'merge_install': False, 'path': '/home/bangadmadhav/real_shit/ros2-mobile-manipulator/mm_ws/src/mobile_manipulator_description', 'symlink_install': False, 'test_result_base': None}
[0.203s] INFO:colcon.colcon_core.executor:Executing jobs using 'parallel' executor
[0.205s] DEBUG:colcon.colcon_parallel_executor.executor.parallel:run_until_complete
[0.205s] INFO:colcon.colcon_ros.task.ament_cmake.build:Building ROS package in '/home/bangadmadhav/real_shit/ros2-mobile-manipulator/mm_ws/src/mobile_manipulator_bringup' with build type 'ament_cmake'
[0.206s] INFO:colcon.colcon_cmake.task.cmake.build:Building CMake package in '/home/bangadmadhav/real_shit/ros2-mobile-manipulator/mm_ws/src/mobile_manipulator_bringup'
[0.207s] INFO:colcon.colcon_core.plugin_system:Skipping extension 'colcon_core.shell.bat': Not used on non-Windows systems
[0.207s] INFO:colcon.colcon_core.shell:Skip shell extension 'powershell' for command environment: Not usable outside of PowerShell
[0.207s] DEBUG:colcon.colcon_core.shell:Skip shell extension 'dsv' for command environment
[0.212s] INFO:colcon.colcon_ros.task.ament_cmake.build:Building ROS package in '/home/bangadmadhav/real_shit/ros2-mobile-manipulator/mm_ws/src/mobile_manipulator_description' with build type 'ament_cmake'
[0.212s] INFO:colcon.colcon_cmake.task.cmake.build:Building CMake package in '/home/bangadmadhav/real_shit/ros2-mobile-manipulator/mm_ws/src/mobile_manipulator_description'
[0.212s] INFO:colcon.colcon_core.shell:Skip shell extension 'powershell' for command environment: Not usable outside of PowerShell
[0.212s] DEBUG:colcon.colcon_core.shell:Skip shell extension 'dsv' for command environment
[0.221s] DEBUG:colcon.colcon_core.event_handler.log_command:Invoking command in '/home/bangadmadhav/real_shit/ros2-mobile-manipulator/build/mobile_manipulator_bringup': CMAKE_PREFIX_PATH=${CMAKE_PREFIX_PATH}:/opt/ros/jazzy DEBUGINFOD_URLS=https://debuginfod.ubuntu.com /usr/bin/cmake /home/bangadmadhav/real_shit/ros2-mobile-manipulator/mm_ws/src/mobile_manipulator_bringup -DCMAKE_INSTALL_PREFIX=/home/bangadmadhav/real_shit/ros2-mobile-manipulator/install/mobile_manipulator_bringup
[0.223s] DEBUG:colcon.colcon_core.event_handler.log_command:Invoking command in '/home/bangadmadhav/real_shit/ros2-mobile-manipulator/build/mobile_manipulator_description': CMAKE_PREFIX_PATH=${CMAKE_PREFIX_PATH}:/opt/ros/jazzy DEBUGINFOD_URLS=https://debuginfod.ubuntu.com /usr/bin/cmake /home/bangadmadhav/real_shit/ros2-mobile-manipulator/mm_ws/src/mobile_manipulator_description -DCMAKE_INSTALL_PREFIX=/home/bangadmadhav/real_shit/ros2-mobile-manipulator/install/mobile_manipulator_description
[0.554s] DEBUG:colcon.colcon_core.event_handler.log_command:Invoked command in '/home/bangadmadhav/real_shit/ros2-mobile-manipulator/build/mobile_manipulator_description' returned '0': CMAKE_PREFIX_PATH=${CMAKE_PREFIX_PATH}:/opt/ros/jazzy DEBUGINFOD_URLS=https://debuginfod.ubuntu.com /usr/bin/cmake /home/bangadmadhav/real_shit/ros2-mobile-manipulator/mm_ws/src/mobile_manipulator_description -DCMAKE_INSTALL_PREFIX=/home/bangadmadhav/real_shit/ros2-mobile-manipulator/install/mobile_manipulator_description
[0.554s] DEBUG:colcon.colcon_core.event_handler.log_command:Invoking command in '/home/bangadmadhav/real_shit/ros2-mobile-manipulator/build/mobile_manipulator_description': CMAKE_PREFIX_PATH=${CMAKE_PREFIX_PATH}:/opt/ros/jazzy DEBUGINFOD_URLS=https://debuginfod.ubuntu.com /usr/bin/cmake --build /home/bangadmadhav/real_shit/ros2-mobile-manipulator/build/mobile_manipulator_description -- -j20 -l20
[0.568s] DEBUG:colcon.colcon_core.event_handler.log_command:Invoked command in '/home/bangadmadhav/real_shit/ros2-mobile-manipulator/build/mobile_manipulator_bringup' returned '0': CMAKE_PREFIX_PATH=${CMAKE_PREFIX_PATH}:/opt/ros/jazzy DEBUGINFOD_URLS=https://debuginfod.ubuntu.com /usr/bin/cmake /home/bangadmadhav/real_shit/ros2-mobile-manipulator/mm_ws/src/mobile_manipulator_bringup -DCMAKE_INSTALL_PREFIX=/home/bangadmadhav/real_shit/ros2-mobile-manipulator/install/mobile_manipulator_bringup
[0.569s] DEBUG:colcon.colcon_core.event_handler.log_command:Invoking command in '/home/bangadmadhav/real_shit/ros2-mobile-manipulator/build/mobile_manipulator_bringup': CMAKE_PREFIX_PATH=${CMAKE_PREFIX_PATH}:/opt/ros/jazzy DEBUGINFOD_URLS=https://debuginfod.ubuntu.com /usr/bin/cmake --build /home/bangadmadhav/real_shit/ros2-mobile-manipulator/build/mobile_manipulator_bringup -- -j20 -l20
[0.595s] DEBUG:colcon.colcon_core.event_handler.log_command:Invoked command in '/home/bangadmadhav/real_shit/ros2-mobile-manipulator/build/mobile_manipulator_description' returned '0': CMAKE_PREFIX_PATH=${CMAKE_PREFIX_PATH}:/opt/ros/jazzy DEBUGINFOD_URLS=https://debuginfod.ubuntu.com /usr/bin/cmake --build /home/bangadmadhav/real_shit/ros2-mobile-manipulator/build/mobile_manipulator_description -- -j20 -l20
[0.607s] DEBUG:colcon.colcon_core.event_handler.log_command:Invoking command in '/home/bangadmadhav/real_shit/ros2-mobile-manipulator/build/mobile_manipulator_description': CMAKE_PREFIX_PATH=${CMAKE_PREFIX_PATH}:/opt/ros/jazzy DEBUGINFOD_URLS=https://debuginfod.ubuntu.com /usr/bin/cmake --install /home/bangadmadhav/real_shit/ros2-mobile-manipulator/build/mobile_manipulator_description
[0.616s] DEBUG:colcon.colcon_core.event_handler.log_command:Invoked command in '/home/bangadmadhav/real_shit/ros2-mobile-manipulator/build/mobile_manipulator_bringup' returned '0': CMAKE_PREFIX_PATH=${CMAKE_PREFIX_PATH}:/opt/ros/jazzy DEBUGINFOD_URLS=https://debuginfod.ubuntu.com /usr/bin/cmake --build /home/bangadmadhav/real_shit/ros2-mobile-manipulator/build/mobile_manipulator_bringup -- -j20 -l20
[0.619s] DEBUG:colcon.colcon_core.event_handler.log_command:Invoking command in '/home/bangadmadhav/real_shit/ros2-mobile-manipulator/build/mobile_manipulator_bringup': CMAKE_PREFIX_PATH=${CMAKE_PREFIX_PATH}:/opt/ros/jazzy DEBUGINFOD_URLS=https://debuginfod.ubuntu.com /usr/bin/cmake --install /home/bangadmadhav/real_shit/ros2-mobile-manipulator/build/mobile_manipulator_bringup
[0.630s] Level 1:colcon.colcon_core.environment:create_environment_scripts_only(mobile_manipulator_description)
[0.631s] DEBUG:colcon.colcon_core.event_handler.log_command:Invoked command in '/home/bangadmadhav/real_shit/ros2-mobile-manipulator/build/mobile_manipulator_description' returned '0': CMAKE_PREFIX_PATH=${CMAKE_PREFIX_PATH}:/opt/ros/jazzy DEBUGINFOD_URLS=https://debuginfod.ubuntu.com /usr/bin/cmake --install /home/bangadmadhav/real_shit/ros2-mobile-manipulator/build/mobile_manipulator_description
[0.634s] Level 1:colcon.colcon_core.environment:checking '/home/bangadmadhav/real_shit/ros2-mobile-manipulator/install/mobile_manipulator_description' for CMake module files
[0.635s] Level 1:colcon.colcon_core.environment:checking '/home/bangadmadhav/real_shit/ros2-mobile-manipulator/install/mobile_manipulator_description' for CMake config files
[0.635s] Level 1:colcon.colcon_core.shell:create_environment_hook('mobile_manipulator_description', 'cmake_prefix_path')
[0.635s] INFO:colcon.colcon_core.shell:Creating environment hook '/home/bangadmadhav/real_shit/ros2-mobile-manipulator/install/mobile_manipulator_description/share/mobile_manipulator_description/hook/cmake_prefix_path.ps1'
[0.636s] INFO:colcon.colcon_core.shell:Creating environment descriptor '/home/bangadmadhav/real_shit/ros2-mobile-manipulator/install/mobile_manipulator_description/share/mobile_manipulator_description/hook/cmake_prefix_path.dsv'
[0.636s] INFO:colcon.colcon_core.shell:Creating environment hook '/home/bangadmadhav/real_shit/ros2-mobile-manipulator/install/mobile_manipulator_description/share/mobile_manipulator_description/hook/cmake_prefix_path.sh'
[0.637s] Level 1:colcon.colcon_core.environment:checking '/home/bangadmadhav/real_shit/ros2-mobile-manipulator/install/mobile_manipulator_description/bin'
[0.637s] Level 1:colcon.colcon_core.environment:checking '/home/bangadmadhav/real_shit/ros2-mobile-manipulator/install/mobile_manipulator_description/lib/pkgconfig/mobile_manipulator_description.pc'
[0.637s] Level 1:colcon.colcon_core.environment:checking '/home/bangadmadhav/real_shit/ros2-mobile-manipulator/install/mobile_manipulator_description/lib/python3.12/site-packages'
[0.638s] Level 1:colcon.colcon_core.environment:checking '/home/bangadmadhav/real_shit/ros2-mobile-manipulator/install/mobile_manipulator_description/bin'
[0.638s] INFO:colcon.colcon_core.shell:Creating package script '/home/bangadmadhav/real_shit/ros2-mobile-manipulator/install/mobile_manipulator_description/share/mobile_manipulator_description/package.ps1'
[0.638s] INFO:colcon.colcon_core.shell:Creating package descriptor '/home/bangadmadhav/real_shit/ros2-mobile-manipulator/install/mobile_manipulator_description/share/mobile_manipulator_description/package.dsv'
[0.639s] INFO:colcon.colcon_core.shell:Creating package script '/home/bangadmadhav/real_shit/ros2-mobile-manipulator/install/mobile_manipulator_description/share/mobile_manipulator_description/package.sh'
[0.639s] INFO:colcon.colcon_core.shell:Creating package script '/home/bangadmadhav/real_shit/ros2-mobile-manipulator/install/mobile_manipulator_description/share/mobile_manipulator_description/package.bash'
[0.640s] INFO:colcon.colcon_core.shell:Creating package script '/home/bangadmadhav/real_shit/ros2-mobile-manipulator/install/mobile_manipulator_description/share/mobile_manipulator_description/package.zsh'
[0.640s] Level 1:colcon.colcon_core.environment:create_file_with_runtime_dependencies(/home/bangadmadhav/real_shit/ros2-mobile-manipulator/install/mobile_manipulator_description/share/colcon-core/packages/mobile_manipulator_description)
[0.640s] Level 1:colcon.colcon_core.environment:create_environment_scripts_only(mobile_manipulator_description)
[0.640s] Level 1:colcon.colcon_core.environment:checking '/home/bangadmadhav/real_shit/ros2-mobile-manipulator/install/mobile_manipulator_description' for CMake module files
[0.641s] Level 1:colcon.colcon_core.environment:checking '/home/bangadmadhav/real_shit/ros2-mobile-manipulator/install/mobile_manipulator_description' for CMake config files
[0.641s] Level 1:colcon.colcon_core.shell:create_environment_hook('mobile_manipulator_description', 'cmake_prefix_path')
[0.641s] INFO:colcon.colcon_core.shell:Creating environment hook '/home/bangadmadhav/real_shit/ros2-mobile-manipulator/install/mobile_manipulator_description/share/mobile_manipulator_description/hook/cmake_prefix_path.ps1'
[0.642s] INFO:colcon.colcon_core.shell:Creating environment descriptor '/home/bangadmadhav/real_shit/ros2-mobile-manipulator/install/mobile_manipulator_description/share/mobile_manipulator_description/hook/cmake_prefix_path.dsv'
[0.642s] INFO:colcon.colcon_core.shell:Creating environment hook '/home/bangadmadhav/real_shit/ros2-mobile-manipulator/install/mobile_manipulator_description/share/mobile_manipulator_description/hook/cmake_prefix_path.sh'
[0.643s] Level 1:colcon.colcon_core.environment:checking '/home/bangadmadhav/real_shit/ros2-mobile-manipulator/install/mobile_manipulator_description/bin'
[0.643s] Level 1:colcon.colcon_core.environment:checking '/home/bangadmadhav/real_shit/ros2-mobile-manipulator/install/mobile_manipulator_description/lib/pkgconfig/mobile_manipulator_description.pc'
[0.643s] Level 1:colcon.colcon_core.environment:checking '/home/bangadmadhav/real_shit/ros2-mobile-manipulator/install/mobile_manipulator_description/lib/python3.12/site-packages'
[0.643s] Level 1:colcon.colcon_core.environment:checking '/home/bangadmadhav/real_shit/ros2-mobile-manipulator/install/mobile_manipulator_description/bin'
[0.643s] INFO:colcon.colcon_core.shell:Creating package script '/home/bangadmadhav/real_shit/ros2-mobile-manipulator/install/mobile_manipulator_description/share/mobile_manipulator_description/package.ps1'
[0.644s] INFO:colcon.colcon_core.shell:Creating package descriptor '/home/bangadmadhav/real_shit/ros2-mobile-manipulator/install/mobile_manipulator_description/share/mobile_manipulator_description/package.dsv'
[0.644s] INFO:colcon.colcon_core.shell:Creating package script '/home/bangadmadhav/real_shit/ros2-mobile-manipulator/install/mobile_manipulator_description/share/mobile_manipulator_description/package.sh'
[0.644s] INFO:colcon.colcon_core.shell:Creating package script '/home/bangadmadhav/real_shit/ros2-mobile-manipulator/install/mobile_manipulator_description/share/mobile_manipulator_description/package.bash'
[0.645s] INFO:colcon.colcon_core.shell:Creating package script '/home/bangadmadhav/real_shit/ros2-mobile-manipulator/install/mobile_manipulator_description/share/mobile_manipulator_description/package.zsh'
[0.645s] Level 1:colcon.colcon_core.environment:create_file_with_runtime_dependencies(/home/bangadmadhav/real_shit/ros2-mobile-manipulator/install/mobile_manipulator_description/share/colcon-core/packages/mobile_manipulator_description)
[0.646s] Level 1:colcon.colcon_core.environment:create_environment_scripts_only(mobile_manipulator_bringup)
[0.646s] Level 1:colcon.colcon_core.environment:checking '/home/bangadmadhav/real_shit/ros2-mobile-manipulator/install/mobile_manipulator_bringup' for CMake module files
[0.647s] DEBUG:colcon.colcon_core.event_handler.log_command:Invoked command in '/home/bangadmadhav/real_shit/ros2-mobile-manipulator/build/mobile_manipulator_bringup' returned '0': CMAKE_PREFIX_PATH=${CMAKE_PREFIX_PATH}:/opt/ros/jazzy DEBUGINFOD_URLS=https://debuginfod.ubuntu.com /usr/bin/cmake --install /home/bangadmadhav/real_shit/ros2-mobile-manipulator/build/mobile_manipulator_bringup
[0.647s] Level 1:colcon.colcon_core.environment:checking '/home/bangadmadhav/real_shit/ros2-mobile-manipulator/install/mobile_manipulator_bringup' for CMake config files
[0.648s] Level 1:colcon.colcon_core.shell:create_environment_hook('mobile_manipulator_bringup', 'cmake_prefix_path')
[0.648s] INFO:colcon.colcon_core.shell:Creating environment hook '/home/bangadmadhav/real_shit/ros2-mobile-manipulator/install/mobile_manipulator_bringup/share/mobile_manipulator_bringup/hook/cmake_prefix_path.ps1'
[0.648s] INFO:colcon.colcon_core.shell:Creating environment descriptor '/home/bangadmadhav/real_shit/ros2-mobile-manipulator/install/mobile_manipulator_bringup/share/mobile_manipulator_bringup/hook/cmake_prefix_path.dsv'
[0.648s] INFO:colcon.colcon_core.shell:Creating environment hook '/home/bangadmadhav/real_shit/ros2-mobile-manipulator/install/mobile_manipulator_bringup/share/mobile_manipulator_bringup/hook/cmake_prefix_path.sh'
[0.649s] Level 1:colcon.colcon_core.environment:checking '/home/bangadmadhav/real_shit/ros2-mobile-manipulator/install/mobile_manipulator_bringup/bin'
[0.649s] Level 1:colcon.colcon_core.environment:checking '/home/bangadmadhav/real_shit/ros2-mobile-manipulator/install/mobile_manipulator_bringup/lib/pkgconfig/mobile_manipulator_bringup.pc'
[0.649s] Level 1:colcon.colcon_core.environment:checking '/home/bangadmadhav/real_shit/ros2-mobile-manipulator/install/mobile_manipulator_bringup/lib/python3.12/site-packages'
[0.649s] Level 1:colcon.colcon_core.environment:checking '/home/bangadmadhav/real_shit/ros2-mobile-manipulator/install/mobile_manipulator_bringup/bin'
[0.649s] INFO:colcon.colcon_core.shell:Creating package script '/home/bangadmadhav/real_shit/ros2-mobile-manipulator/install/mobile_manipulator_bringup/share/mobile_manipulator_bringup/package.ps1'
[0.650s] INFO:colcon.colcon_core.shell:Creating package descriptor '/home/bangadmadhav/real_shit/ros2-mobile-manipulator/install/mobile_manipulator_bringup/share/mobile_manipulator_bringup/package.dsv'
[0.650s] INFO:colcon.colcon_core.shell:Creating package script '/home/bangadmadhav/real_shit/ros2-mobile-manipulator/install/mobile_manipulator_bringup/share/mobile_manipulator_bringup/package.sh'
[0.650s] INFO:colcon.colcon_core.shell:Creating package script '/home/bangadmadhav/real_shit/ros2-mobile-manipulator/install/mobile_manipulator_bringup/share/mobile_manipulator_bringup/package.bash'
[0.650s] INFO:colcon.colcon_core.shell:Creating package script '/home/bangadmadhav/real_shit/ros2-mobile-manipulator/install/mobile_manipulator_bringup/share/mobile_manipulator_bringup/package.zsh'
[0.651s] Level 1:colcon.colcon_core.environment:create_file_with_runtime_dependencies(/home/bangadmadhav/real_shit/ros2-mobile-manipulator/install/mobile_manipulator_bringup/share/colcon-core/packages/mobile_manipulator_bringup)
[0.651s] Level 1:colcon.colcon_core.environment:create_environment_scripts_only(mobile_manipulator_bringup)
[0.651s] Level 1:colcon.colcon_core.environment:checking '/home/bangadmadhav/real_shit/ros2-mobile-manipulator/install/mobile_manipulator_bringup' for CMake module files
[0.651s] Level 1:colcon.colcon_core.environment:checking '/home/bangadmadhav/real_shit/ros2-mobile-manipulator/install/mobile_manipulator_bringup' for CMake config files
[0.652s] Level 1:colcon.colcon_core.shell:create_environment_hook('mobile_manipulator_bringup', 'cmake_prefix_path')
[0.652s] INFO:colcon.colcon_core.shell:Creating environment hook '/home/bangadmadhav/real_shit/ros2-mobile-manipulator/install/mobile_manipulator_bringup/share/mobile_manipulator_bringup/hook/cmake_prefix_path.ps1'
[0.652s] INFO:colcon.colcon_core.shell:Creating environment descriptor '/home/bangadmadhav/real_shit/ros2-mobile-manipulator/install/mobile_manipulator_bringup/share/mobile_manipulator_bringup/hook/cmake_prefix_path.dsv'
[0.652s] INFO:colcon.colcon_core.shell:Creating environment hook '/home/bangadmadhav/real_shit/ros2-mobile-manipulator/install/mobile_manipulator_bringup/share/mobile_manipulator_bringup/hook/cmake_prefix_path.sh'
[0.652s] Level 1:colcon.colcon_core.environment:checking '/home/bangadmadhav/real_shit/ros2-mobile-manipulator/install/mobile_manipulator_bringup/bin'
[0.653s] Level 1:colcon.colcon_core.environment:checking '/home/bangadmadhav/real_shit/ros2-mobile-manipulator/install/mobile_manipulator_bringup/lib/pkgconfig/mobile_manipulator_bringup.pc'
[0.653s] Level 1:colcon.colcon_core.environment:checking '/home/bangadmadhav/real_shit/ros2-mobile-manipulator/install/mobile_manipulator_bringup/lib/python3.12/site-packages'
[0.653s] Level 1:colcon.colcon_core.environment:checking '/home/bangadmadhav/real_shit/ros2-mobile-manipulator/install/mobile_manipulator_bringup/bin'
[0.653s] INFO:colcon.colcon_core.shell:Creating package script '/home/bangadmadhav/real_shit/ros2-mobile-manipulator/install/mobile_manipulator_bringup/share/mobile_manipulator_bringup/package.ps1'
[0.653s] INFO:colcon.colcon_core.shell:Creating package descriptor '/home/bangadmadhav/real_shit/ros2-mobile-manipulator/install/mobile_manipulator_bringup/share/mobile_manipulator_bringup/package.dsv'
[0.654s] INFO:colcon.colcon_core.shell:Creating package script '/home/bangadmadhav/real_shit/ros2-mobile-manipulator/install/mobile_manipulator_bringup/share/mobile_manipulator_bringup/package.sh'
[0.654s] INFO:colcon.colcon_core.shell:Creating package script '/home/bangadmadhav/real_shit/ros2-mobile-manipulator/install/mobile_manipulator_bringup/share/mobile_manipulator_bringup/package.bash'
[0.654s] INFO:colcon.colcon_core.shell:Creating package script '/home/bangadmadhav/real_shit/ros2-mobile-manipulator/install/mobile_manipulator_bringup/share/mobile_manipulator_bringup/package.zsh'
[0.654s] Level 1:colcon.colcon_core.environment:create_file_with_runtime_dependencies(/home/bangadmadhav/real_shit/ros2-mobile-manipulator/install/mobile_manipulator_bringup/share/colcon-core/packages/mobile_manipulator_bringup)
[0.655s] DEBUG:colcon.colcon_parallel_executor.executor.parallel:closing loop
[0.655s] DEBUG:colcon.colcon_parallel_executor.executor.parallel:loop closed
[0.655s] DEBUG:colcon.colcon_parallel_executor.executor.parallel:run_until_complete finished with '0'
[0.655s] DEBUG:colcon.colcon_core.event_reactor:joining thread
[0.661s] INFO:colcon.colcon_core.plugin_system:Skipping extension 'colcon_notification.desktop_notification.terminal_notifier': Not used on non-Darwin systems
[0.661s] INFO:colcon.colcon_core.plugin_system:Skipping extension 'colcon_notification.desktop_notification.win32': Not used on non-Windows systems
[0.661s] INFO:colcon.colcon_notification.desktop_notification:Sending desktop notification using 'notify2'
[0.675s] DEBUG:colcon.colcon_core.event_reactor:joined thread
[0.676s] INFO:colcon.colcon_core.shell:Creating prefix script '/home/bangadmadhav/real_shit/ros2-mobile-manipulator/install/local_setup.ps1'
[0.677s] INFO:colcon.colcon_core.shell:Creating prefix util module '/home/bangadmadhav/real_shit/ros2-mobile-manipulator/install/_local_setup_util_ps1.py'
[0.678s] INFO:colcon.colcon_core.shell:Creating prefix chain script '/home/bangadmadhav/real_shit/ros2-mobile-manipulator/install/setup.ps1'
[0.679s] INFO:colcon.colcon_core.shell:Creating prefix script '/home/bangadmadhav/real_shit/ros2-mobile-manipulator/install/local_setup.sh'
[0.680s] INFO:colcon.colcon_core.shell:Creating prefix util module '/home/bangadmadhav/real_shit/ros2-mobile-manipulator/install/_local_setup_util_sh.py'
[0.680s] INFO:colcon.colcon_core.shell:Creating prefix chain script '/home/bangadmadhav/real_shit/ros2-mobile-manipulator/install/setup.sh'
[0.681s] INFO:colcon.colcon_core.shell:Creating prefix script '/home/bangadmadhav/real_shit/ros2-mobile-manipulator/install/local_setup.bash'
[0.682s] INFO:colcon.colcon_core.shell:Creating prefix chain script '/home/bangadmadhav/real_shit/ros2-mobile-manipulator/install/setup.bash'
[0.683s] INFO:colcon.colcon_core.shell:Creating prefix script '/home/bangadmadhav/real_shit/ros2-mobile-manipulator/install/local_setup.zsh'
[0.684s] INFO:colcon.colcon_core.shell:Creating prefix chain script '/home/bangadmadhav/real_shit/ros2-mobile-manipulator/install/setup.zsh'
