[0.092s] DEBUG:colcon:Command line arguments: ['/usr/bin/colcon', 'build', '--symlink-install']
[0.092s] DEBUG:colcon:Parsed command line arguments: Namespace(log_base=None, log_level=None, verb_name='build', build_base='build', install_base='install', merge_install=False, symlink_install=True, test_result_base=None, continue_on_error=False, executor='parallel', parallel_workers=20, event_handlers=None, ignore_user_meta=False, metas=['./colcon.meta'], base_paths=['.'], packages_ignore=None, packages_ignore_regex=None, paths=None, packages_up_to=None, packages_up_to_regex=None, packages_above=None, packages_above_and_dependencies=None, packages_above_depth=None, packages_select_by_dep=None, packages_skip_by_dep=None, packages_skip_up_to=None, packages_select_build_failed=False, packages_skip_build_finished=False, packages_select_test_failures=False, packages_skip_test_passed=False, packages_select=None, packages_skip=None, packages_select_regex=None, packages_skip_regex=None, packages_start=None, packages_end=None, allow_overriding=[], cmake_args=None, cmake_target=None, cmake_target_skip_unavailable=False, cmake_clean_cache=False, cmake_clean_first=False, cmake_force_configure=False, ament_cmake_args=None, catkin_cmake_args=None, catkin_skip_building_tests=False, mixin_files=None, mixin=None, verb_parser=<colcon_mixin.mixin.mixin_argument.MixinArgumentDecorator object at 0x707ad0b59070>, verb_extension=<colcon_core.verb.build.BuildVerb object at 0x707ad0b58d70>, main=<bound method BuildVerb.main of <colcon_core.verb.build.BuildVerb object at 0x707ad0b58d70>>, mixin_verb=('build',))
[0.126s] Level 1:colcon.colcon_core.package_discovery:discover_packages(colcon_meta) check parameters
[0.126s] Level 1:colcon.colcon_core.package_discovery:discover_packages(recursive) check parameters
[0.126s] Level 1:colcon.colcon_core.package_discovery:discover_packages(ignore) check parameters
[0.126s] Level 1:colcon.colcon_core.package_discovery:discover_packages(path) check parameters
[0.127s] Level 1:colcon.colcon_core.package_discovery:discover_packages(colcon_meta) discover
[0.127s] Level 1:colcon.colcon_core.package_discovery:discover_packages(recursive) discover
[0.127s] INFO:colcon.colcon_core.package_discovery:Crawling recursively for packages in '/home/bangadmadhav/real_shit/ros2-mobile-manipulator'
[0.127s] Level 1:colcon.colcon_core.package_identification:_identify(.) by extensions ['ignore', 'ignore_ament_install']
[0.127s] Level 1:colcon.colcon_core.package_identification:_identify(.) by extension 'ignore'
[0.127s] Level 1:colcon.colcon_core.package_identification:_identify(.) by extension 'ignore_ament_install'
[0.127s] Level 1:colcon.colcon_core.package_identification:_identify(.) by extensions ['colcon_pkg']
[0.127s] Level 1:colcon.colcon_core.package_identification:_identify(.) by extension 'colcon_pkg'
[0.127s] Level 1:colcon.colcon_core.package_identification:_identify(.) by extensions ['colcon_meta']
[0.127s] Level 1:colcon.colcon_core.package_identification:_identify(.) by extension 'colcon_meta'
[0.127s] Level 1:colcon.colcon_core.package_identification:_identify(.) by extensions ['ros']
[0.127s] Level 1:colcon.colcon_core.package_identification:_identify(.) by extension 'ros'
[0.151s] Level 1:colcon.colcon_core.package_identification:_identify(.) by extensions ['cmake', 'python']
[0.151s] Level 1:colcon.colcon_core.package_identification:_identify(.) by extension 'cmake'
[0.151s] Level 1:colcon.colcon_core.package_identification:_identify(.) by extension 'python'
[0.151s] Level 1:colcon.colcon_core.package_identification:_identify(.) by extensions ['python_setup_py']
[0.151s] Level 1:colcon.colcon_core.package_identification:_identify(.) by extension 'python_setup_py'
[0.151s] Level 1:colcon.colcon_core.package_identification:_identify(build) by extensions ['ignore', 'ignore_ament_install']
[0.151s] Level 1:colcon.colcon_core.package_identification:_identify(build) by extension 'ignore'
[0.151s] Level 1:colcon.colcon_core.package_identification:_identify(build) ignored
[0.151s] Level 1:colcon.colcon_core.package_identification:_identify(docs) by extensions ['ignore', 'ignore_ament_install']
[0.151s] Level 1:colcon.colcon_core.package_identification:_identify(docs) by extension 'ignore'
[0.151s] Level 1:colcon.colcon_core.package_identification:_identify(docs) by extension 'ignore_ament_install'
[0.151s] Level 1:colcon.colcon_core.package_identification:_identify(docs) by extensions ['colcon_pkg']
[0.151s] Level 1:colcon.colcon_core.package_identification:_identify(docs) by extension 'colcon_pkg'
[0.151s] Level 1:colcon.colcon_core.package_identification:_identify(docs) by extensions ['colcon_meta']
[0.151s] Level 1:colcon.colcon_core.package_identification:_identify(docs) by extension 'colcon_meta'
[0.151s] Level 1:colcon.colcon_core.package_identification:_identify(docs) by extensions ['ros']
[0.151s] Level 1:colcon.colcon_core.package_identification:_identify(docs) by extension 'ros'
[0.151s] Level 1:colcon.colcon_core.package_identification:_identify(docs) by extensions ['cmake', 'python']
[0.152s] Level 1:colcon.colcon_core.package_identification:_identify(docs) by extension 'cmake'
[0.152s] Level 1:colcon.colcon_core.package_identification:_identify(docs) by extension 'python'
[0.152s] Level 1:colcon.colcon_core.package_identification:_identify(docs) by extensions ['python_setup_py']
[0.152s] Level 1:colcon.colcon_core.package_identification:_identify(docs) by extension 'python_setup_py'
[0.152s] Level 1:colcon.colcon_core.package_identification:_identify(install) by extensions ['ignore', 'ignore_ament_install']
[0.152s] Level 1:colcon.colcon_core.package_identification:_identify(install) by extension 'ignore'
[0.152s] Level 1:colcon.colcon_core.package_identification:_identify(install) ignored
[0.152s] Level 1:colcon.colcon_core.package_identification:_identify(log) by extensions ['ignore', 'ignore_ament_install']
[0.152s] Level 1:colcon.colcon_core.package_identification:_identify(log) by extension 'ignore'
[0.152s] Level 1:colcon.colcon_core.package_identification:_identify(log) ignored
[0.152s] Level 1:colcon.colcon_core.package_identification:_identify(media) by extensions ['ignore', 'ignore_ament_install']
[0.152s] Level 1:colcon.colcon_core.package_identification:_identify(media) by extension 'ignore'
[0.152s] Level 1:colcon.colcon_core.package_identification:_identify(media) by extension 'ignore_ament_install'
[0.152s] Level 1:colcon.colcon_core.package_identification:_identify(media) by extensions ['colcon_pkg']
[0.152s] Level 1:colcon.colcon_core.package_identification:_identify(media) by extension 'colcon_pkg'
[0.152s] Level 1:colcon.colcon_core.package_identification:_identify(media) by extensions ['colcon_meta']
[0.152s] Level 1:colcon.colcon_core.package_identification:_identify(media) by extension 'colcon_meta'
[0.152s] Level 1:colcon.colcon_core.package_identification:_identify(media) by extensions ['ros']
[0.152s] Level 1:colcon.colcon_core.package_identification:_identify(media) by extension 'ros'
[0.152s] Level 1:colcon.colcon_core.package_identification:_identify(media) by extensions ['cmake', 'python']
[0.152s] Level 1:colcon.colcon_core.package_identification:_identify(media) by extension 'cmake'
[0.152s] Level 1:colcon.colcon_core.package_identification:_identify(media) by extension 'python'
[0.152s] Level 1:colcon.colcon_core.package_identification:_identify(media) by extensions ['python_setup_py']
[0.152s] Level 1:colcon.colcon_core.package_identification:_identify(media) by extension 'python_setup_py'
[0.152s] Level 1:colcon.colcon_core.package_identification:_identify(mm_ws) by extensions ['ignore', 'ignore_ament_install']
[0.152s] Level 1:colcon.colcon_core.package_identification:_identify(mm_ws) by extension 'ignore'
[0.152s] Level 1:colcon.colcon_core.package_identification:_identify(mm_ws) by extension 'ignore_ament_install'
[0.152s] Level 1:colcon.colcon_core.package_identification:_identify(mm_ws) by extensions ['colcon_pkg']
[0.152s] Level 1:colcon.colcon_core.package_identification:_identify(mm_ws) by extension 'colcon_pkg'
[0.152s] Level 1:colcon.colcon_core.package_identification:_identify(mm_ws) by extensions ['colcon_meta']
[0.152s] Level 1:colcon.colcon_core.package_identification:_identify(mm_ws) by extension 'colcon_meta'
[0.152s] Level 1:colcon.colcon_core.package_identification:_identify(mm_ws) by extensions ['ros']
[0.152s] Level 1:colcon.colcon_core.package_identification:_identify(mm_ws) by extension 'ros'
[0.153s] Level 1:colcon.colcon_core.package_identification:_identify(mm_ws) by extensions ['cmake', 'python']
[0.153s] Level 1:colcon.colcon_core.package_identification:_identify(mm_ws) by extension 'cmake'
[0.153s] Level 1:colcon.colcon_core.package_identification:_identify(mm_ws) by extension 'python'
[0.153s] Level 1:colcon.colcon_core.package_identification:_identify(mm_ws) by extensions ['python_setup_py']
[0.153s] Level 1:colcon.colcon_core.package_identification:_identify(mm_ws) by extension 'python_setup_py'
[0.153s] Level 1:colcon.colcon_core.package_identification:_identify(mm_ws/build) by extensions ['ignore', 'ignore_ament_install']
[0.153s] Level 1:colcon.colcon_core.package_identification:_identify(mm_ws/build) by extension 'ignore'
[0.153s] Level 1:colcon.colcon_core.package_identification:_identify(mm_ws/build) ignored
[0.153s] Level 1:colcon.colcon_core.package_identification:_identify(mm_ws/install) by extensions ['ignore', 'ignore_ament_install']
[0.153s] Level 1:colcon.colcon_core.package_identification:_identify(mm_ws/install) by extension 'ignore'
[0.153s] Level 1:colcon.colcon_core.package_identification:_identify(mm_ws/install) ignored
[0.153s] Level 1:colcon.colcon_core.package_identification:_identify(mm_ws/log) by extensions ['ignore', 'ignore_ament_install']
[0.153s] Level 1:colcon.colcon_core.package_identification:_identify(mm_ws/log) by extension 'ignore'
[0.153s] Level 1:colcon.colcon_core.package_identification:_identify(mm_ws/log) ignored
[0.153s] Level 1:colcon.colcon_core.package_identification:_identify(mm_ws/src) by extensions ['ignore', 'ignore_ament_install']
[0.153s] Level 1:colcon.colcon_core.package_identification:_identify(mm_ws/src) by extension 'ignore'
[0.153s] Level 1:colcon.colcon_core.package_identification:_identify(mm_ws/src) by extension 'ignore_ament_install'
[0.153s] Level 1:colcon.colcon_core.package_identification:_identify(mm_ws/src) by extensions ['colcon_pkg']
[0.153s] Level 1:colcon.colcon_core.package_identification:_identify(mm_ws/src) by extension 'colcon_pkg'
[0.153s] Level 1:colcon.colcon_core.package_identification:_identify(mm_ws/src) by extensions ['colcon_meta']
[0.153s] Level 1:colcon.colcon_core.package_identification:_identify(mm_ws/src) by extension 'colcon_meta'
[0.153s] Level 1:colcon.colcon_core.package_identification:_identify(mm_ws/src) by extensions ['ros']
[0.153s] Level 1:colcon.colcon_core.package_identification:_identify(mm_ws/src) by extension 'ros'
[0.153s] Level 1:colcon.colcon_core.package_identification:_identify(mm_ws/src) by extensions ['cmake', 'python']
[0.153s] Level 1:colcon.colcon_core.package_identification:_identify(mm_ws/src) by extension 'cmake'
[0.153s] Level 1:colcon.colcon_core.package_identification:_identify(mm_ws/src) by extension 'python'
[0.153s] Level 1:colcon.colcon_core.package_identification:_identify(mm_ws/src) by extensions ['python_setup_py']
[0.153s] Level 1:colcon.colcon_core.package_identification:_identify(mm_ws/src) by extension 'python_setup_py'
[0.153s] Level 1:colcon.colcon_core.package_identification:_identify(mm_ws/src/mobile_manipulator_bringup) by extensions ['ignore', 'ignore_ament_install']
[0.153s] Level 1:colcon.colcon_core.package_identification:_identify(mm_ws/src/mobile_manipulator_bringup) by extension 'ignore'
[0.154s] Level 1:colcon.colcon_core.package_identification:_identify(mm_ws/src/mobile_manipulator_bringup) by extension 'ignore_ament_install'
[0.154s] Level 1:colcon.colcon_core.package_identification:_identify(mm_ws/src/mobile_manipulator_bringup) by extensions ['colcon_pkg']
[0.154s] Level 1:colcon.colcon_core.package_identification:_identify(mm_ws/src/mobile_manipulator_bringup) by extension 'colcon_pkg'
[0.154s] Level 1:colcon.colcon_core.package_identification:_identify(mm_ws/src/mobile_manipulator_bringup) by extensions ['colcon_meta']
[0.154s] Level 1:colcon.colcon_core.package_identification:_identify(mm_ws/src/mobile_manipulator_bringup) by extension 'colcon_meta'
[0.154s] Level 1:colcon.colcon_core.package_identification:_identify(mm_ws/src/mobile_manipulator_bringup) by extensions ['ros']
[0.154s] Level 1:colcon.colcon_core.package_identification:_identify(mm_ws/src/mobile_manipulator_bringup) by extension 'ros'
[0.156s] DEBUG:colcon.colcon_core.package_identification:Package 'mm_ws/src/mobile_manipulator_bringup' with type 'ros.ament_cmake' and name 'mobile_manipulator_bringup'
[0.156s] Level 1:colcon.colcon_core.package_identification:_identify(mm_ws/src/mobile_manipulator_description) by extensions ['ignore', 'ignore_ament_install']
[0.156s] Level 1:colcon.colcon_core.package_identification:_identify(mm_ws/src/mobile_manipulator_description) by extension 'ignore'
[0.156s] Level 1:colcon.colcon_core.package_identification:_identify(mm_ws/src/mobile_manipulator_description) by extension 'ignore_ament_install'
[0.156s] Level 1:colcon.colcon_core.package_identification:_identify(mm_ws/src/mobile_manipulator_description) by extensions ['colcon_pkg']
[0.156s] Level 1:colcon.colcon_core.package_identification:_identify(mm_ws/src/mobile_manipulator_description) by extension 'colcon_pkg'
[0.156s] Level 1:colcon.colcon_core.package_identification:_identify(mm_ws/src/mobile_manipulator_description) by extensions ['colcon_meta']
[0.156s] Level 1:colcon.colcon_core.package_identification:_identify(mm_ws/src/mobile_manipulator_description) by extension 'colcon_meta'
[0.156s] Level 1:colcon.colcon_core.package_identification:_identify(mm_ws/src/mobile_manipulator_description) by extensions ['ros']
[0.156s] Level 1:colcon.colcon_core.package_identification:_identify(mm_ws/src/mobile_manipulator_description) by extension 'ros'
[0.157s] DEBUG:colcon.colcon_core.package_identification:Package 'mm_ws/src/mobile_manipulator_description' with type 'ros.ament_cmake' and name 'mobile_manipulator_description'
[0.157s] Level 1:colcon.colcon_core.package_discovery:discover_packages(recursive) using defaults
[0.157s] Level 1:colcon.colcon_core.package_discovery:discover_packages(ignore) discover
[0.157s] Level 1:colcon.colcon_core.package_discovery:discover_packages(ignore) using defaults
[0.157s] Level 1:colcon.colcon_core.package_discovery:discover_packages(path) discover
[0.157s] Level 1:colcon.colcon_core.package_discovery:discover_packages(path) using defaults
[0.173s] Level 1:colcon.colcon_core.package_discovery:discover_packages(prefix_path) check parameters
[0.173s] Level 1:colcon.colcon_core.package_discovery:discover_packages(prefix_path) discover
[0.174s] DEBUG:colcon.colcon_installed_package_information.package_discovery:Found 2 installed packages in /home/bangadmadhav/real_shit/ros2-mobile-manipulator/mm_ws/install
[0.175s] DEBUG:colcon.colcon_installed_package_information.package_discovery:Found 323 installed packages in /opt/ros/jazzy
[0.176s] Level 1:colcon.colcon_core.package_discovery:discover_packages(prefix_path) using defaults
[0.208s] Level 5:colcon.colcon_core.verb:set package 'mobile_manipulator_bringup' build argument 'cmake_args' from command line to 'None'
[0.209s] Level 5:colcon.colcon_core.verb:set package 'mobile_manipulator_bringup' build argument 'cmake_target' from command line to 'None'
[0.209s] Level 5:colcon.colcon_core.verb:set package 'mobile_manipulator_bringup' build argument 'cmake_target_skip_unavailable' from command line to 'False'
[0.209s] Level 5:colcon.colcon_core.verb:set package 'mobile_manipulator_bringup' build argument 'cmake_clean_cache' from command line to 'False'
[0.209s] Level 5:colcon.colcon_core.verb:set package 'mobile_manipulator_bringup' build argument 'cmake_clean_first' from command line to 'False'
[0.209s] Level 5:colcon.colcon_core.verb:set package 'mobile_manipulator_bringup' build argument 'cmake_force_configure' from command line to 'False'
[0.209s] Level 5:colcon.colcon_core.verb:set package 'mobile_manipulator_bringup' build argument 'ament_cmake_args' from command line to 'None'
[0.209s] Level 5:colcon.colcon_core.verb:set package 'mobile_manipulator_bringup' build argument 'catkin_cmake_args' from command line to 'None'
[0.209s] Level 5:colcon.colcon_core.verb:set package 'mobile_manipulator_bringup' build argument 'catkin_skip_building_tests' from command line to 'False'
[0.209s] DEBUG:colcon.colcon_core.verb:Building package 'mobile_manipulator_bringup' with the following arguments: {'ament_cmake_args': None, 'build_base': '/home/bangadmadhav/real_shit/ros2-mobile-manipulator/build/mobile_manipulator_bringup', 'catkin_cmake_args': None, 'catkin_skip_building_tests': False, 'cmake_args': None, 'cmake_clean_cache': False, 'cmake_clean_first': False, 'cmake_force_configure': False, 'cmake_target': None, 'cmake_target_skip_unavailable': False, 'install_base': '/home/bangadmadhav/real_shit/ros2-mobile-manipulator/install/mobile_manipulator_bringup', 'merge_install': False, 'path': '/home/bangadmadhav/real_shit/ros2-mobile-manipulator/mm_ws/src/mobile_manipulator_bringup', 'symlink_install': True, 'test_result_base': None}
[0.209s] Level 5:colcon.colcon_core.verb:set package 'mobile_manipulator_description' build argument 'cmake_args' from command line to 'None'
[0.209s] Level 5:colcon.colcon_core.verb:set package 'mobile_manipulator_description' build argument 'cmake_target' from command line to 'None'
[0.209s] Level 5:colcon.colcon_core.verb:set package 'mobile_manipulator_description' build argument 'cmake_target_skip_unavailable' from command line to 'False'
[0.209s] Level 5:colcon.colcon_core.verb:set package 'mobile_manipulator_description' build argument 'cmake_clean_cache' from command line to 'False'
[0.209s] Level 5:colcon.colcon_core.verb:set package 'mobile_manipulator_description' build argument 'cmake_clean_first' from command line to 'False'
[0.209s] Level 5:colcon.colcon_core.verb:set package 'mobile_manipulator_description' build argument 'cmake_force_configure' from command line to 'False'
[0.209s] Level 5:colcon.colcon_core.verb:set package 'mobile_manipulator_description' build argument 'ament_cmake_args' from command line to 'None'
[0.209s] Level 5:colcon.colcon_core.verb:set package 'mobile_manipulator_description' build argument 'catkin_cmake_args' from command line to 'None'
[0.209s] Level 5:colcon.colcon_core.verb:set package 'mobile_manipulator_description' build argument 'catkin_skip_building_tests' from command line to 'False'
[0.209s] DEBUG:colcon.colcon_core.verb:Building package 'mobile_manipulator_description' with the following arguments: {'ament_cmake_args': None, 'build_base': '/home/bangadmadhav/real_shit/ros2-mobile-manipulator/build/mobile_manipulator_description', 'catkin_cmake_args': None, 'catkin_skip_building_tests': False, 'cmake_args': None, 'cmake_clean_cache': False, 'cmake_clean_first': False, 'cmake_force_configure': False, 'cmake_target': None, 'cmake_target_skip_unavailable': False, 'install_base': '/home/bangadmadhav/real_shit/ros2-mobile-manipulator/install/mobile_manipulator_description', 'merge_install': False, 'path': '/home/bangadmadhav/real_shit/ros2-mobile-manipulator/mm_ws/src/mobile_manipulator_description', 'symlink_install': True, 'test_result_base': None}
[0.209s] INFO:colcon.colcon_core.executor:Executing jobs using 'parallel' executor
[0.211s] DEBUG:colcon.colcon_parallel_executor.executor.parallel:run_until_complete
[0.212s] INFO:colcon.colcon_ros.task.ament_cmake.build:Building ROS package in '/home/bangadmadhav/real_shit/ros2-mobile-manipulator/mm_ws/src/mobile_manipulator_bringup' with build type 'ament_cmake'
[0.212s] INFO:colcon.colcon_cmake.task.cmake.build:Building CMake package in '/home/bangadmadhav/real_shit/ros2-mobile-manipulator/mm_ws/src/mobile_manipulator_bringup'
[0.213s] INFO:colcon.colcon_core.plugin_system:Skipping extension 'colcon_core.shell.bat': Not used on non-Windows systems
[0.213s] INFO:colcon.colcon_core.shell:Skip shell extension 'powershell' for command environment: Not usable outside of PowerShell
[0.213s] DEBUG:colcon.colcon_core.shell:Skip shell extension 'dsv' for command environment
[0.217s] INFO:colcon.colcon_ros.task.ament_cmake.build:Building ROS package in '/home/bangadmadhav/real_shit/ros2-mobile-manipulator/mm_ws/src/mobile_manipulator_description' with build type 'ament_cmake'
[0.218s] INFO:colcon.colcon_cmake.task.cmake.build:Building CMake package in '/home/bangadmadhav/real_shit/ros2-mobile-manipulator/mm_ws/src/mobile_manipulator_description'
[0.218s] INFO:colcon.colcon_core.shell:Skip shell extension 'powershell' for command environment: Not usable outside of PowerShell
[0.218s] DEBUG:colcon.colcon_core.shell:Skip shell extension 'dsv' for command environment
[0.225s] DEBUG:colcon.colcon_core.event_handler.log_command:Invoking command in '/home/bangadmadhav/real_shit/ros2-mobile-manipulator/build/mobile_manipulator_bringup': CMAKE_PREFIX_PATH=${CMAKE_PREFIX_PATH}:/opt/ros/jazzy DEBUGINFOD_URLS=https://debuginfod.ubuntu.com /usr/bin/cmake --build /home/bangadmadhav/real_shit/ros2-mobile-manipulator/build/mobile_manipulator_bringup -- -j20 -l20
[0.229s] DEBUG:colcon.colcon_core.event_handler.log_command:Invoking command in '/home/bangadmadhav/real_shit/ros2-mobile-manipulator/build/mobile_manipulator_description': CMAKE_PREFIX_PATH=${CMAKE_PREFIX_PATH}:/opt/ros/jazzy DEBUGINFOD_URLS=https://debuginfod.ubuntu.com /usr/bin/cmake --build /home/bangadmadhav/real_shit/ros2-mobile-manipulator/build/mobile_manipulator_description -- -j20 -l20
[0.268s] DEBUG:colcon.colcon_core.event_handler.log_command:Invoked command in '/home/bangadmadhav/real_shit/ros2-mobile-manipulator/build/mobile_manipulator_description' returned '0': CMAKE_PREFIX_PATH=${CMAKE_PREFIX_PATH}:/opt/ros/jazzy DEBUGINFOD_URLS=https://debuginfod.ubuntu.com /usr/bin/cmake --build /home/bangadmadhav/real_shit/ros2-mobile-manipulator/build/mobile_manipulator_description -- -j20 -l20
[0.283s] DEBUG:colcon.colcon_core.event_handler.log_command:Invoking command in '/home/bangadmadhav/real_shit/ros2-mobile-manipulator/build/mobile_manipulator_description': CMAKE_PREFIX_PATH=${CMAKE_PREFIX_PATH}:/opt/ros/jazzy DEBUGINFOD_URLS=https://debuginfod.ubuntu.com /usr/bin/cmake --install /home/bangadmadhav/real_shit/ros2-mobile-manipulator/build/mobile_manipulator_description
[0.312s] Level 1:colcon.colcon_core.environment:create_environment_scripts_only(mobile_manipulator_description)
[0.313s] DEBUG:colcon.colcon_core.event_handler.log_command:Invoked command in '/home/bangadmadhav/real_shit/ros2-mobile-manipulator/build/mobile_manipulator_description' returned '0': CMAKE_PREFIX_PATH=${CMAKE_PREFIX_PATH}:/opt/ros/jazzy DEBUGINFOD_URLS=https://debuginfod.ubuntu.com /usr/bin/cmake --install /home/bangadmadhav/real_shit/ros2-mobile-manipulator/build/mobile_manipulator_description
[0.315s] Level 1:colcon.colcon_core.environment:checking '/home/bangadmadhav/real_shit/ros2-mobile-manipulator/install/mobile_manipulator_description' for CMake module files
[0.316s] Level 1:colcon.colcon_core.environment:checking '/home/bangadmadhav/real_shit/ros2-mobile-manipulator/install/mobile_manipulator_description' for CMake config files
[0.316s] Level 1:colcon.colcon_core.shell:create_environment_hook('mobile_manipulator_description', 'cmake_prefix_path')
[0.316s] INFO:colcon.colcon_core.shell:Creating environment hook '/home/bangadmadhav/real_shit/ros2-mobile-manipulator/install/mobile_manipulator_description/share/mobile_manipulator_description/hook/cmake_prefix_path.ps1'
[0.317s] INFO:colcon.colcon_core.shell:Creating environment descriptor '/home/bangadmadhav/real_shit/ros2-mobile-manipulator/install/mobile_manipulator_description/share/mobile_manipulator_description/hook/cmake_prefix_path.dsv'
[0.318s] INFO:colcon.colcon_core.shell:Creating environment hook '/home/bangadmadhav/real_shit/ros2-mobile-manipulator/install/mobile_manipulator_description/share/mobile_manipulator_description/hook/cmake_prefix_path.sh'
[0.319s] Level 1:colcon.colcon_core.environment:checking '/home/bangadmadhav/real_shit/ros2-mobile-manipulator/install/mobile_manipulator_description/bin'
[0.319s] Level 1:colcon.colcon_core.environment:checking '/home/bangadmadhav/real_shit/ros2-mobile-manipulator/install/mobile_manipulator_description/lib/pkgconfig/mobile_manipulator_description.pc'
[0.319s] Level 1:colcon.colcon_core.environment:checking '/home/bangadmadhav/real_shit/ros2-mobile-manipulator/install/mobile_manipulator_description/lib/python3.12/site-packages'
[0.320s] Level 1:colcon.colcon_core.environment:checking '/home/bangadmadhav/real_shit/ros2-mobile-manipulator/install/mobile_manipulator_description/bin'
[0.320s] INFO:colcon.colcon_core.shell:Creating package script '/home/bangadmadhav/real_shit/ros2-mobile-manipulator/install/mobile_manipulator_description/share/mobile_manipulator_description/package.ps1'
[0.321s] INFO:colcon.colcon_core.shell:Creating package descriptor '/home/bangadmadhav/real_shit/ros2-mobile-manipulator/install/mobile_manipulator_description/share/mobile_manipulator_description/package.dsv'
[0.322s] INFO:colcon.colcon_core.shell:Creating package script '/home/bangadmadhav/real_shit/ros2-mobile-manipulator/install/mobile_manipulator_description/share/mobile_manipulator_description/package.sh'
[0.322s] INFO:colcon.colcon_core.shell:Creating package script '/home/bangadmadhav/real_shit/ros2-mobile-manipulator/install/mobile_manipulator_description/share/mobile_manipulator_description/package.bash'
[0.323s] INFO:colcon.colcon_core.shell:Creating package script '/home/bangadmadhav/real_shit/ros2-mobile-manipulator/install/mobile_manipulator_description/share/mobile_manipulator_description/package.zsh'
[0.323s] Level 1:colcon.colcon_core.environment:create_file_with_runtime_dependencies(/home/bangadmadhav/real_shit/ros2-mobile-manipulator/install/mobile_manipulator_description/share/colcon-core/packages/mobile_manipulator_description)
[0.324s] Level 1:colcon.colcon_core.environment:create_environment_scripts_only(mobile_manipulator_description)
[0.324s] Level 1:colcon.colcon_core.environment:checking '/home/bangadmadhav/real_shit/ros2-mobile-manipulator/install/mobile_manipulator_description' for CMake module files
[0.325s] Level 1:colcon.colcon_core.environment:checking '/home/bangadmadhav/real_shit/ros2-mobile-manipulator/install/mobile_manipulator_description' for CMake config files
[0.325s] Level 1:colcon.colcon_core.shell:create_environment_hook('mobile_manipulator_description', 'cmake_prefix_path')
[0.325s] INFO:colcon.colcon_core.shell:Creating environment hook '/home/bangadmadhav/real_shit/ros2-mobile-manipulator/install/mobile_manipulator_description/share/mobile_manipulator_description/hook/cmake_prefix_path.ps1'
[0.326s] INFO:colcon.colcon_core.shell:Creating environment descriptor '/home/bangadmadhav/real_shit/ros2-mobile-manipulator/install/mobile_manipulator_description/share/mobile_manipulator_description/hook/cmake_prefix_path.dsv'
[0.326s] INFO:colcon.colcon_core.shell:Creating environment hook '/home/bangadmadhav/real_shit/ros2-mobile-manipulator/install/mobile_manipulator_description/share/mobile_manipulator_description/hook/cmake_prefix_path.sh'
[0.327s] Level 1:colcon.colcon_core.environment:checking '/home/bangadmadhav/real_shit/ros2-mobile-manipulator/install/mobile_manipulator_description/bin'
[0.327s] Level 1:colcon.colcon_core.environment:checking '/home/bangadmadhav/real_shit/ros2-mobile-manipulator/install/mobile_manipulator_description/lib/pkgconfig/mobile_manipulator_description.pc'
[0.327s] Level 1:colcon.colcon_core.environment:checking '/home/bangadmadhav/real_shit/ros2-mobile-manipulator/install/mobile_manipulator_description/lib/python3.12/site-packages'
[0.327s] Level 1:colcon.colcon_core.environment:checking '/home/bangadmadhav/real_shit/ros2-mobile-manipulator/install/mobile_manipulator_description/bin'
[0.328s] INFO:colcon.colcon_core.shell:Creating package script '/home/bangadmadhav/real_shit/ros2-mobile-manipulator/install/mobile_manipulator_description/share/mobile_manipulator_description/package.ps1'
[0.328s] INFO:colcon.colcon_core.shell:Creating package descriptor '/home/bangadmadhav/real_shit/ros2-mobile-manipulator/install/mobile_manipulator_description/share/mobile_manipulator_description/package.dsv'
[0.329s] INFO:colcon.colcon_core.shell:Creating package script '/home/bangadmadhav/real_shit/ros2-mobile-manipulator/install/mobile_manipulator_description/share/mobile_manipulator_description/package.sh'
[0.329s] INFO:colcon.colcon_core.shell:Creating package script '/home/bangadmadhav/real_shit/ros2-mobile-manipulator/install/mobile_manipulator_description/share/mobile_manipulator_description/package.bash'
[0.329s] INFO:colcon.colcon_core.shell:Creating package script '/home/bangadmadhav/real_shit/ros2-mobile-manipulator/install/mobile_manipulator_description/share/mobile_manipulator_description/package.zsh'
[0.330s] Level 1:colcon.colcon_core.environment:create_file_with_runtime_dependencies(/home/bangadmadhav/real_shit/ros2-mobile-manipulator/install/mobile_manipulator_description/share/colcon-core/packages/mobile_manipulator_description)
[0.634s] DEBUG:colcon.colcon_core.event_handler.log_command:Invoked command in '/home/bangadmadhav/real_shit/ros2-mobile-manipulator/build/mobile_manipulator_bringup' returned '0': CMAKE_PREFIX_PATH=${CMAKE_PREFIX_PATH}:/opt/ros/jazzy DEBUGINFOD_URLS=https://debuginfod.ubuntu.com /usr/bin/cmake --build /home/bangadmadhav/real_shit/ros2-mobile-manipulator/build/mobile_manipulator_bringup -- -j20 -l20
[0.636s] DEBUG:colcon.colcon_core.event_handler.log_command:Invoking command in '/home/bangadmadhav/real_shit/ros2-mobile-manipulator/build/mobile_manipulator_bringup': CMAKE_PREFIX_PATH=${CMAKE_PREFIX_PATH}:/opt/ros/jazzy DEBUGINFOD_URLS=https://debuginfod.ubuntu.com /usr/bin/cmake --install /home/bangadmadhav/real_shit/ros2-mobile-manipulator/build/mobile_manipulator_bringup
[0.667s] Level 1:colcon.colcon_core.environment:create_environment_scripts_only(mobile_manipulator_bringup)
[0.668s] Level 1:colcon.colcon_core.environment:checking '/home/bangadmadhav/real_shit/ros2-mobile-manipulator/install/mobile_manipulator_bringup' for CMake module files
[0.669s] DEBUG:colcon.colcon_core.event_handler.log_command:Invoked command in '/home/bangadmadhav/real_shit/ros2-mobile-manipulator/build/mobile_manipulator_bringup' returned '0': CMAKE_PREFIX_PATH=${CMAKE_PREFIX_PATH}:/opt/ros/jazzy DEBUGINFOD_URLS=https://debuginfod.ubuntu.com /usr/bin/cmake --install /home/bangadmadhav/real_shit/ros2-mobile-manipulator/build/mobile_manipulator_bringup
[0.670s] Level 1:colcon.colcon_core.environment:checking '/home/bangadmadhav/real_shit/ros2-mobile-manipulator/install/mobile_manipulator_bringup' for CMake config files
[0.670s] Level 1:colcon.colcon_core.shell:create_environment_hook('mobile_manipulator_bringup', 'cmake_prefix_path')
[0.671s] INFO:colcon.colcon_core.shell:Creating environment hook '/home/bangadmadhav/real_shit/ros2-mobile-manipulator/install/mobile_manipulator_bringup/share/mobile_manipulator_bringup/hook/cmake_prefix_path.ps1'
[0.671s] INFO:colcon.colcon_core.shell:Creating environment descriptor '/home/bangadmadhav/real_shit/ros2-mobile-manipulator/install/mobile_manipulator_bringup/share/mobile_manipulator_bringup/hook/cmake_prefix_path.dsv'
[0.672s] INFO:colcon.colcon_core.shell:Creating environment hook '/home/bangadmadhav/real_shit/ros2-mobile-manipulator/install/mobile_manipulator_bringup/share/mobile_manipulator_bringup/hook/cmake_prefix_path.sh'
[0.672s] Level 1:colcon.colcon_core.environment:checking '/home/bangadmadhav/real_shit/ros2-mobile-manipulator/install/mobile_manipulator_bringup/bin'
[0.673s] Level 1:colcon.colcon_core.environment:checking '/home/bangadmadhav/real_shit/ros2-mobile-manipulator/install/mobile_manipulator_bringup/lib/pkgconfig/mobile_manipulator_bringup.pc'
[0.673s] Level 1:colcon.colcon_core.environment:checking '/home/bangadmadhav/real_shit/ros2-mobile-manipulator/install/mobile_manipulator_bringup/lib/python3.12/site-packages'
[0.673s] Level 1:colcon.colcon_core.environment:checking '/home/bangadmadhav/real_shit/ros2-mobile-manipulator/install/mobile_manipulator_bringup/bin'
[0.673s] INFO:colcon.colcon_core.shell:Creating package script '/home/bangadmadhav/real_shit/ros2-mobile-manipulator/install/mobile_manipulator_bringup/share/mobile_manipulator_bringup/package.ps1'
[0.674s] INFO:colcon.colcon_core.shell:Creating package descriptor '/home/bangadmadhav/real_shit/ros2-mobile-manipulator/install/mobile_manipulator_bringup/share/mobile_manipulator_bringup/package.dsv'
[0.674s] INFO:colcon.colcon_core.shell:Creating package script '/home/bangadmadhav/real_shit/ros2-mobile-manipulator/install/mobile_manipulator_bringup/share/mobile_manipulator_bringup/package.sh'
[0.675s] INFO:colcon.colcon_core.shell:Creating package script '/home/bangadmadhav/real_shit/ros2-mobile-manipulator/install/mobile_manipulator_bringup/share/mobile_manipulator_bringup/package.bash'
[0.675s] INFO:colcon.colcon_core.shell:Creating package script '/home/bangadmadhav/real_shit/ros2-mobile-manipulator/install/mobile_manipulator_bringup/share/mobile_manipulator_bringup/package.zsh'
[0.675s] Level 1:colcon.colcon_core.environment:create_file_with_runtime_dependencies(/home/bangadmadhav/real_shit/ros2-mobile-manipulator/install/mobile_manipulator_bringup/share/colcon-core/packages/mobile_manipulator_bringup)
[0.676s] Level 1:colcon.colcon_core.environment:create_environment_scripts_only(mobile_manipulator_bringup)
[0.676s] Level 1:colcon.colcon_core.environment:checking '/home/bangadmadhav/real_shit/ros2-mobile-manipulator/install/mobile_manipulator_bringup' for CMake module files
[0.677s] Level 1:colcon.colcon_core.environment:checking '/home/bangadmadhav/real_shit/ros2-mobile-manipulator/install/mobile_manipulator_bringup' for CMake config files
[0.677s] Level 1:colcon.colcon_core.shell:create_environment_hook('mobile_manipulator_bringup', 'cmake_prefix_path')
[0.677s] INFO:colcon.colcon_core.shell:Creating environment hook '/home/bangadmadhav/real_shit/ros2-mobile-manipulator/install/mobile_manipulator_bringup/share/mobile_manipulator_bringup/hook/cmake_prefix_path.ps1'
[0.678s] INFO:colcon.colcon_core.shell:Creating environment descriptor '/home/bangadmadhav/real_shit/ros2-mobile-manipulator/install/mobile_manipulator_bringup/share/mobile_manipulator_bringup/hook/cmake_prefix_path.dsv'
[0.678s] INFO:colcon.colcon_core.shell:Creating environment hook '/home/bangadmadhav/real_shit/ros2-mobile-manipulator/install/mobile_manipulator_bringup/share/mobile_manipulator_bringup/hook/cmake_prefix_path.sh'
[0.678s] Level 1:colcon.colcon_core.environment:checking '/home/bangadmadhav/real_shit/ros2-mobile-manipulator/install/mobile_manipulator_bringup/bin'
[0.679s] Level 1:colcon.colcon_core.environment:checking '/home/bangadmadhav/real_shit/ros2-mobile-manipulator/install/mobile_manipulator_bringup/lib/pkgconfig/mobile_manipulator_bringup.pc'
[0.679s] Level 1:colcon.colcon_core.environment:checking '/home/bangadmadhav/real_shit/ros2-mobile-manipulator/install/mobile_manipulator_bringup/lib/python3.12/site-packages'
[0.679s] Level 1:colcon.colcon_core.environment:checking '/home/bangadmadhav/real_shit/ros2-mobile-manipulator/install/mobile_manipulator_bringup/bin'
[0.679s] INFO:colcon.colcon_core.shell:Creating package script '/home/bangadmadhav/real_shit/ros2-mobile-manipulator/install/mobile_manipulator_bringup/share/mobile_manipulator_bringup/package.ps1'
[0.680s] INFO:colcon.colcon_core.shell:Creating package descriptor '/home/bangadmadhav/real_shit/ros2-mobile-manipulator/install/mobile_manipulator_bringup/share/mobile_manipulator_bringup/package.dsv'
[0.680s] INFO:colcon.colcon_core.shell:Creating package script '/home/bangadmadhav/real_shit/ros2-mobile-manipulator/install/mobile_manipulator_bringup/share/mobile_manipulator_bringup/package.sh'
[0.681s] INFO:colcon.colcon_core.shell:Creating package script '/home/bangadmadhav/real_shit/ros2-mobile-manipulator/install/mobile_manipulator_bringup/share/mobile_manipulator_bringup/package.bash'
[0.681s] INFO:colcon.colcon_core.shell:Creating package script '/home/bangadmadhav/real_shit/ros2-mobile-manipulator/install/mobile_manipulator_bringup/share/mobile_manipulator_bringup/package.zsh'
[0.681s] Level 1:colcon.colcon_core.environment:create_file_with_runtime_dependencies(/home/bangadmadhav/real_shit/ros2-mobile-manipulator/install/mobile_manipulator_bringup/share/colcon-core/packages/mobile_manipulator_bringup)
[0.682s] DEBUG:colcon.colcon_parallel_executor.executor.parallel:closing loop
[0.682s] DEBUG:colcon.colcon_parallel_executor.executor.parallel:loop closed
[0.682s] DEBUG:colcon.colcon_parallel_executor.executor.parallel:run_until_complete finished with '0'
[0.682s] DEBUG:colcon.colcon_core.event_reactor:joining thread
[0.689s] INFO:colcon.colcon_core.plugin_system:Skipping extension 'colcon_notification.desktop_notification.terminal_notifier': Not used on non-Darwin systems
[0.689s] INFO:colcon.colcon_core.plugin_system:Skipping extension 'colcon_notification.desktop_notification.win32': Not used on non-Windows systems
[0.689s] INFO:colcon.colcon_notification.desktop_notification:Sending desktop notification using 'notify2'
[0.704s] DEBUG:colcon.colcon_core.event_reactor:joined thread
[0.704s] INFO:colcon.colcon_core.shell:Creating prefix script '/home/bangadmadhav/real_shit/ros2-mobile-manipulator/install/local_setup.ps1'
[0.705s] INFO:colcon.colcon_core.shell:Creating prefix util module '/home/bangadmadhav/real_shit/ros2-mobile-manipulator/install/_local_setup_util_ps1.py'
[0.706s] INFO:colcon.colcon_core.shell:Creating prefix chain script '/home/bangadmadhav/real_shit/ros2-mobile-manipulator/install/setup.ps1'
[0.707s] INFO:colcon.colcon_core.shell:Creating prefix script '/home/bangadmadhav/real_shit/ros2-mobile-manipulator/install/local_setup.sh'
[0.708s] INFO:colcon.colcon_core.shell:Creating prefix util module '/home/bangadmadhav/real_shit/ros2-mobile-manipulator/install/_local_setup_util_sh.py'
[0.709s] INFO:colcon.colcon_core.shell:Creating prefix chain script '/home/bangadmadhav/real_shit/ros2-mobile-manipulator/install/setup.sh'
[0.710s] INFO:colcon.colcon_core.shell:Creating prefix script '/home/bangadmadhav/real_shit/ros2-mobile-manipulator/install/local_setup.bash'
[0.710s] INFO:colcon.colcon_core.shell:Creating prefix chain script '/home/bangadmadhav/real_shit/ros2-mobile-manipulator/install/setup.bash'
[0.711s] INFO:colcon.colcon_core.shell:Creating prefix script '/home/bangadmadhav/real_shit/ros2-mobile-manipulator/install/local_setup.zsh'
[0.711s] INFO:colcon.colcon_core.shell:Creating prefix chain script '/home/bangadmadhav/real_shit/ros2-mobile-manipulator/install/setup.zsh'
