-- Install configuration: ""
-- Execute custom install script
-- Up-to-date symlink: /home/bangadmadhav/real_shit/ros2-mobile-manipulator/install/mobile_manipulator_description/share/mobile_manipulator_description/urdf/gazebo_setup.xacro
-- Up-to-date symlink: /home/bangadmadhav/real_shit/ros2-mobile-manipulator/install/mobile_manipulator_description/share/mobile_manipulator_description/urdf/inertia.xacro
-- Up-to-date symlink: /home/bangadmadhav/real_shit/ros2-mobile-manipulator/install/mobile_manipulator_description/share/mobile_manipulator_description/urdf/mobile_manipulator.urdf.xacro
-- Up-to-date symlink: /home/bangadmadhav/real_shit/ros2-mobile-manipulator/install/mobile_manipulator_description/share/mobile_manipulator_description/urdf/properties.xacro
-- Up-to-date symlink: /home/bangadmadhav/real_shit/ros2-mobile-manipulator/install/mobile_manipulator_description/share/ament_index/resource_index/package_run_dependencies/mobile_manipulator_description
-- Up-to-date symlink: /home/bangadmadhav/real_shit/ros2-mobile-manipulator/install/mobile_manipulator_description/share/ament_index/resource_index/parent_prefix_path/mobile_manipulator_description
-- Up-to-date symlink: /home/bangadmadhav/real_shit/ros2-mobile-manipulator/install/mobile_manipulator_description/share/mobile_manipulator_description/environment/ament_prefix_path.sh
-- Up-to-date symlink: /home/bangadmadhav/real_shit/ros2-mobile-manipulator/install/mobile_manipulator_description/share/mobile_manipulator_description/environment/ament_prefix_path.dsv
-- Up-to-date symlink: /home/bangadmadhav/real_shit/ros2-mobile-manipulator/install/mobile_manipulator_description/share/mobile_manipulator_description/environment/path.sh
-- Up-to-date symlink: /home/bangadmadhav/real_shit/ros2-mobile-manipulator/install/mobile_manipulator_description/share/mobile_manipulator_description/environment/path.dsv
-- Up-to-date symlink: /home/bangadmadhav/real_shit/ros2-mobile-manipulator/install/mobile_manipulator_description/share/mobile_manipulator_description/local_setup.bash
-- Up-to-date symlink: /home/bangadmadhav/real_shit/ros2-mobile-manipulator/install/mobile_manipulator_description/share/mobile_manipulator_description/local_setup.sh
-- Up-to-date symlink: /home/bangadmadhav/real_shit/ros2-mobile-manipulator/install/mobile_manipulator_description/share/mobile_manipulator_description/local_setup.zsh
-- Up-to-date symlink: /home/bangadmadhav/real_shit/ros2-mobile-manipulator/install/mobile_manipulator_description/share/mobile_manipulator_description/local_setup.dsv
-- Symlinking: /home/bangadmadhav/real_shit/ros2-mobile-manipulator/install/mobile_manipulator_description/share/mobile_manipulator_description/package.dsv
-- Up-to-date symlink: /home/bangadmadhav/real_shit/ros2-mobile-manipulator/install/mobile_manipulator_description/share/ament_index/resource_index/packages/mobile_manipulator_description
-- Up-to-date symlink: /home/bangadmadhav/real_shit/ros2-mobile-manipulator/install/mobile_manipulator_description/share/mobile_manipulator_description/cmake/mobile_manipulator_descriptionConfig.cmake
-- Up-to-date symlink: /home/bangadmadhav/real_shit/ros2-mobile-manipulator/install/mobile_manipulator_description/share/mobile_manipulator_description/cmake/mobile_manipulator_descriptionConfig-version.cmake
-- Up-to-date symlink: /home/bangadmadhav/real_shit/ros2-mobile-manipulator/install/mobile_manipulator_description/share/mobile_manipulator_description/package.xml
