-- Install configuration: ""
-- Execute custom install script
-- Up-to-date symlink: /home/bangadmadhav/real_shit/ros2-mobile-manipulator/install/mobile_manipulator_bringup/share/mobile_manipulator_bringup/launch/display.launch.py
-- Up-to-date symlink: /home/bangadmadhav/real_shit/ros2-mobile-manipulator/install/mobile_manipulator_bringup/share/mobile_manipulator_bringup/config/displayTest.rviz
-- Up-to-date symlink: /home/bangadmadhav/real_shit/ros2-mobile-manipulator/install/mobile_manipulator_bringup/share/mobile_manipulator_bringup/config/gazebo_bridge.yaml
-- Up-to-date symlink: /home/bangadmadhav/real_shit/ros2-mobile-manipulator/install/mobile_manipulator_bringup/share/ament_index/resource_index/package_run_dependencies/mobile_manipulator_bringup
-- Up-to-date symlink: /home/bangadmadhav/real_shit/ros2-mobile-manipulator/install/mobile_manipulator_bringup/share/ament_index/resource_index/parent_prefix_path/mobile_manipulator_bringup
-- Up-to-date symlink: /home/bangadmadhav/real_shit/ros2-mobile-manipulator/install/mobile_manipulator_bringup/share/mobile_manipulator_bringup/environment/ament_prefix_path.sh
-- Up-to-date symlink: /home/bangadmadhav/real_shit/ros2-mobile-manipulator/install/mobile_manipulator_bringup/share/mobile_manipulator_bringup/environment/ament_prefix_path.dsv
-- Up-to-date symlink: /home/bangadmadhav/real_shit/ros2-mobile-manipulator/install/mobile_manipulator_bringup/share/mobile_manipulator_bringup/environment/path.sh
-- Up-to-date symlink: /home/bangadmadhav/real_shit/ros2-mobile-manipulator/install/mobile_manipulator_bringup/share/mobile_manipulator_bringup/environment/path.dsv
-- Up-to-date symlink: /home/bangadmadhav/real_shit/ros2-mobile-manipulator/install/mobile_manipulator_bringup/share/mobile_manipulator_bringup/local_setup.bash
-- Up-to-date symlink: /home/bangadmadhav/real_shit/ros2-mobile-manipulator/install/mobile_manipulator_bringup/share/mobile_manipulator_bringup/local_setup.sh
-- Up-to-date symlink: /home/bangadmadhav/real_shit/ros2-mobile-manipulator/install/mobile_manipulator_bringup/share/mobile_manipulator_bringup/local_setup.zsh
-- Up-to-date symlink: /home/bangadmadhav/real_shit/ros2-mobile-manipulator/install/mobile_manipulator_bringup/share/mobile_manipulator_bringup/local_setup.dsv
-- Symlinking: /home/bangadmadhav/real_shit/ros2-mobile-manipulator/install/mobile_manipulator_bringup/share/mobile_manipulator_bringup/package.dsv
-- Up-to-date symlink: /home/bangadmadhav/real_shit/ros2-mobile-manipulator/install/mobile_manipulator_bringup/share/ament_index/resource_index/packages/mobile_manipulator_bringup
-- Up-to-date symlink: /home/bangadmadhav/real_shit/ros2-mobile-manipulator/install/mobile_manipulator_bringup/share/mobile_manipulator_bringup/cmake/mobile_manipulator_bringupConfig.cmake
-- Up-to-date symlink: /home/bangadmadhav/real_shit/ros2-mobile-manipulator/install/mobile_manipulator_bringup/share/mobile_manipulator_bringup/cmake/mobile_manipulator_bringupConfig-version.cmake
-- Up-to-date symlink: /home/bangadmadhav/real_shit/ros2-mobile-manipulator/install/mobile_manipulator_bringup/share/mobile_manipulator_bringup/package.xml
