[0.015s] Invoking command in '/home/bangadmadhav/real_shit/ros2-mobile-manipulator/build/mobile_manipulator_bringup': CMAKE_PREFIX_PATH=${CMAKE_PREFIX_PATH}:/opt/ros/jazzy DEBUGINFOD_URLS=https://debuginfod.ubuntu.com /usr/bin/cmake --build /home/bangadmadhav/real_shit/ros2-mobile-manipulator/build/mobile_manipulator_bringup -- -j20 -l20
[0.063s] Invoked command in '/home/bangadmadhav/real_shit/ros2-mobile-manipulator/build/mobile_manipulator_bringup' returned '0': CMAKE_PREFIX_PATH=${CMAKE_PREFIX_PATH}:/opt/ros/jazzy DEBUGINFOD_URLS=https://debuginfod.ubuntu.com /usr/bin/cmake --build /home/bangadmadhav/real_shit/ros2-mobile-manipulator/build/mobile_manipulator_bringup -- -j20 -l20
[0.077s] Invoking command in '/home/bangadmadhav/real_shit/ros2-mobile-manipulator/build/mobile_manipulator_bringup': CMAKE_PREFIX_PATH=${CMAKE_PREFIX_PATH}:/opt/ros/jazzy DEBUGINFOD_URLS=https://debuginfod.ubuntu.com /usr/bin/cmake --install /home/bangadmadhav/real_shit/ros2-mobile-manipulator/build/mobile_manipulator_bringup
[0.087s] -- Install configuration: ""
[0.087s] -- Execute custom install script
[0.088s] -- Up-to-date symlink: /home/bangadmadhav/real_shit/ros2-mobile-manipulator/install/mobile_manipulator_bringup/share/mobile_manipulator_bringup/launch/display.launch.py
[0.088s] -- Up-to-date symlink: /home/bangadmadhav/real_shit/ros2-mobile-manipulator/install/mobile_manipulator_bringup/share/mobile_manipulator_bringup/config/displayTest.rviz
[0.088s] -- Up-to-date symlink: /home/bangadmadhav/real_shit/ros2-mobile-manipulator/install/mobile_manipulator_bringup/share/mobile_manipulator_bringup/config/gazebo_bridge.yaml
[0.088s] -- Up-to-date symlink: /home/bangadmadhav/real_shit/ros2-mobile-manipulator/install/mobile_manipulator_bringup/share/ament_index/resource_index/package_run_dependencies/mobile_manipulator_bringup
[0.088s] -- Up-to-date symlink: /home/bangadmadhav/real_shit/ros2-mobile-manipulator/install/mobile_manipulator_bringup/share/ament_index/resource_index/parent_prefix_path/mobile_manipulator_bringup
[0.089s] -- Up-to-date symlink: /home/bangadmadhav/real_shit/ros2-mobile-manipulator/install/mobile_manipulator_bringup/share/mobile_manipulator_bringup/environment/ament_prefix_path.sh
[0.089s] -- Up-to-date symlink: /home/bangadmadhav/real_shit/ros2-mobile-manipulator/install/mobile_manipulator_bringup/share/mobile_manipulator_bringup/environment/ament_prefix_path.dsv
[0.089s] -- Up-to-date symlink: /home/bangadmadhav/real_shit/ros2-mobile-manipulator/install/mobile_manipulator_bringup/share/mobile_manipulator_bringup/environment/path.sh
[0.089s] -- Up-to-date symlink: /home/bangadmadhav/real_shit/ros2-mobile-manipulator/install/mobile_manipulator_bringup/share/mobile_manipulator_bringup/environment/path.dsv
[0.089s] -- Up-to-date symlink: /home/bangadmadhav/real_shit/ros2-mobile-manipulator/install/mobile_manipulator_bringup/share/mobile_manipulator_bringup/local_setup.bash
[0.089s] -- Up-to-date symlink: /home/bangadmadhav/real_shit/ros2-mobile-manipulator/install/mobile_manipulator_bringup/share/mobile_manipulator_bringup/local_setup.sh
[0.089s] -- Up-to-date symlink: /home/bangadmadhav/real_shit/ros2-mobile-manipulator/install/mobile_manipulator_bringup/share/mobile_manipulator_bringup/local_setup.zsh
[0.089s] -- Up-to-date symlink: /home/bangadmadhav/real_shit/ros2-mobile-manipulator/install/mobile_manipulator_bringup/share/mobile_manipulator_bringup/local_setup.dsv
[0.089s] -- Symlinking: /home/bangadmadhav/real_shit/ros2-mobile-manipulator/install/mobile_manipulator_bringup/share/mobile_manipulator_bringup/package.dsv
[0.100s] -- Up-to-date symlink: /home/bangadmadhav/real_shit/ros2-mobile-manipulator/install/mobile_manipulator_bringup/share/ament_index/resource_index/packages/mobile_manipulator_bringup
[0.100s] -- Up-to-date symlink: /home/bangadmadhav/real_shit/ros2-mobile-manipulator/install/mobile_manipulator_bringup/share/mobile_manipulator_bringup/cmake/mobile_manipulator_bringupConfig.cmake
[0.100s] -- Up-to-date symlink: /home/bangadmadhav/real_shit/ros2-mobile-manipulator/install/mobile_manipulator_bringup/share/mobile_manipulator_bringup/cmake/mobile_manipulator_bringupConfig-version.cmake
[0.100s] -- Up-to-date symlink: /home/bangadmadhav/real_shit/ros2-mobile-manipulator/install/mobile_manipulator_bringup/share/mobile_manipulator_bringup/package.xml
[0.102s] Invoked command in '/home/bangadmadhav/real_shit/ros2-mobile-manipulator/build/mobile_manipulator_bringup' returned '0': CMAKE_PREFIX_PATH=${CMAKE_PREFIX_PATH}:/opt/ros/jazzy DEBUGINFOD_URLS=https://debuginfod.ubuntu.com /usr/bin/cmake --install /home/bangadmadhav/real_shit/ros2-mobile-manipulator/build/mobile_manipulator_bringup
