[0.009s] Invoking command in '/home/bangadmadhav/real_shit/ros2-mobile-manipulator/build/mobile_manipulator_description': CMAKE_PREFIX_PATH=${CMAKE_PREFIX_PATH}:/opt/ros/jazzy DEBUGINFOD_URLS=https://debuginfod.ubuntu.com /usr/bin/cmake /home/bangadmadhav/real_shit/ros2-mobile-manipulator/mm_ws/src/mobile_manipulator_description -DAMENT_CMAKE_SYMLINK_INSTALL=1 -DCMAKE_INSTALL_PREFIX=/home/bangadmadhav/real_shit/ros2-mobile-manipulator/install/mobile_manipulator_description
[0.073s] -- The C compiler identification is GNU 13.3.0
[0.132s] -- The CXX compiler identification is GNU 13.3.0
[0.152s] -- Detecting C compiler ABI info
[0.261s] -- Detecting C compiler ABI info - done
[0.271s] -- Check for working C compiler: /usr/bin/cc - skipped
[0.271s] -- Detecting C compile features
[0.271s] -- Detecting C compile features - done
[0.283s] -- Detecting CXX compiler ABI info
[0.401s] -- Detecting CXX compiler ABI info - done
[0.412s] -- Check for working CXX compiler: /usr/bin/c++ - skipped
[0.413s] -- Detecting CXX compile features
[0.413s] -- Detecting CXX compile features - done
[0.418s] -- Found ament_cmake: 2.5.5 (/opt/ros/jazzy/share/ament_cmake/cmake)
[0.604s] -- Found Python3: /usr/bin/python3 (found version "3.12.3") found components: Interpreter 
[0.675s] -- Override CMake install command with custom implementation using symlinks instead of copying resources
[0.799s] -- Configuring done (0.8s)
[0.801s] -- Generating done (0.0s)
[0.802s] -- Build files have been written to: /home/bangadmadhav/real_shit/ros2-mobile-manipulator/build/mobile_manipulator_description
[0.808s] Invoked command in '/home/bangadmadhav/real_shit/ros2-mobile-manipulator/build/mobile_manipulator_description' returned '0': CMAKE_PREFIX_PATH=${CMAKE_PREFIX_PATH}:/opt/ros/jazzy DEBUGINFOD_URLS=https://debuginfod.ubuntu.com /usr/bin/cmake /home/bangadmadhav/real_shit/ros2-mobile-manipulator/mm_ws/src/mobile_manipulator_description -DAMENT_CMAKE_SYMLINK_INSTALL=1 -DCMAKE_INSTALL_PREFIX=/home/bangadmadhav/real_shit/ros2-mobile-manipulator/install/mobile_manipulator_description
[0.809s] Invoking command in '/home/bangadmadhav/real_shit/ros2-mobile-manipulator/build/mobile_manipulator_description': CMAKE_PREFIX_PATH=${CMAKE_PREFIX_PATH}:/opt/ros/jazzy DEBUGINFOD_URLS=https://debuginfod.ubuntu.com /usr/bin/cmake --build /home/bangadmadhav/real_shit/ros2-mobile-manipulator/build/mobile_manipulator_description -- -j20 -l20
[0.855s] Invoked command in '/home/bangadmadhav/real_shit/ros2-mobile-manipulator/build/mobile_manipulator_description' returned '0': CMAKE_PREFIX_PATH=${CMAKE_PREFIX_PATH}:/opt/ros/jazzy DEBUGINFOD_URLS=https://debuginfod.ubuntu.com /usr/bin/cmake --build /home/bangadmadhav/real_shit/ros2-mobile-manipulator/build/mobile_manipulator_description -- -j20 -l20
[0.856s] Invoking command in '/home/bangadmadhav/real_shit/ros2-mobile-manipulator/build/mobile_manipulator_description': CMAKE_PREFIX_PATH=${CMAKE_PREFIX_PATH}:/opt/ros/jazzy DEBUGINFOD_URLS=https://debuginfod.ubuntu.com /usr/bin/cmake --install /home/bangadmadhav/real_shit/ros2-mobile-manipulator/build/mobile_manipulator_description
[0.863s] -- Install configuration: ""
[0.863s] -- Execute custom install script
[0.864s] -- Symlinking: /home/bangadmadhav/real_shit/ros2-mobile-manipulator/install/mobile_manipulator_description/share/mobile_manipulator_description/urdf/gazebo_setup.xacro
[0.874s] -- Symlinking: /home/bangadmadhav/real_shit/ros2-mobile-manipulator/install/mobile_manipulator_description/share/mobile_manipulator_description/urdf/inertia.xacro
[0.884s] -- Symlinking: /home/bangadmadhav/real_shit/ros2-mobile-manipulator/install/mobile_manipulator_description/share/mobile_manipulator_description/urdf/mobile_manipulator.urdf.xacro
[0.894s] -- Symlinking: /home/bangadmadhav/real_shit/ros2-mobile-manipulator/install/mobile_manipulator_description/share/mobile_manipulator_description/urdf/properties.xacro
[0.905s] -- Symlinking: /home/bangadmadhav/real_shit/ros2-mobile-manipulator/install/mobile_manipulator_description/share/ament_index/resource_index/package_run_dependencies/mobile_manipulator_description
[0.915s] -- Symlinking: /home/bangadmadhav/real_shit/ros2-mobile-manipulator/install/mobile_manipulator_description/share/ament_index/resource_index/parent_prefix_path/mobile_manipulator_description
[0.925s] -- Symlinking: /home/bangadmadhav/real_shit/ros2-mobile-manipulator/install/mobile_manipulator_description/share/mobile_manipulator_description/environment/ament_prefix_path.sh
[0.935s] -- Symlinking: /home/bangadmadhav/real_shit/ros2-mobile-manipulator/install/mobile_manipulator_description/share/mobile_manipulator_description/environment/ament_prefix_path.dsv
[0.944s] -- Symlinking: /home/bangadmadhav/real_shit/ros2-mobile-manipulator/install/mobile_manipulator_description/share/mobile_manipulator_description/environment/path.sh
[0.954s] -- Symlinking: /home/bangadmadhav/real_shit/ros2-mobile-manipulator/install/mobile_manipulator_description/share/mobile_manipulator_description/environment/path.dsv
[0.963s] -- Symlinking: /home/bangadmadhav/real_shit/ros2-mobile-manipulator/install/mobile_manipulator_description/share/mobile_manipulator_description/local_setup.bash
[0.974s] -- Symlinking: /home/bangadmadhav/real_shit/ros2-mobile-manipulator/install/mobile_manipulator_description/share/mobile_manipulator_description/local_setup.sh
[0.986s] -- Symlinking: /home/bangadmadhav/real_shit/ros2-mobile-manipulator/install/mobile_manipulator_description/share/mobile_manipulator_description/local_setup.zsh
[0.995s] -- Symlinking: /home/bangadmadhav/real_shit/ros2-mobile-manipulator/install/mobile_manipulator_description/share/mobile_manipulator_description/local_setup.dsv
[1.005s] -- Symlinking: /home/bangadmadhav/real_shit/ros2-mobile-manipulator/install/mobile_manipulator_description/share/mobile_manipulator_description/package.dsv
[1.015s] -- Symlinking: /home/bangadmadhav/real_shit/ros2-mobile-manipulator/install/mobile_manipulator_description/share/ament_index/resource_index/packages/mobile_manipulator_description
[1.024s] -- Symlinking: /home/bangadmadhav/real_shit/ros2-mobile-manipulator/install/mobile_manipulator_description/share/mobile_manipulator_description/cmake/mobile_manipulator_descriptionConfig.cmake
[1.034s] -- Symlinking: /home/bangadmadhav/real_shit/ros2-mobile-manipulator/install/mobile_manipulator_description/share/mobile_manipulator_description/cmake/mobile_manipulator_descriptionConfig-version.cmake
[1.042s] -- Symlinking: /home/bangadmadhav/real_shit/ros2-mobile-manipulator/install/mobile_manipulator_description/share/mobile_manipulator_description/package.xml
[1.065s] Invoked command in '/home/bangadmadhav/real_shit/ros2-mobile-manipulator/build/mobile_manipulator_description' returned '0': CMAKE_PREFIX_PATH=${CMAKE_PREFIX_PATH}:/opt/ros/jazzy DEBUGINFOD_URLS=https://debuginfod.ubuntu.com /usr/bin/cmake --install /home/bangadmadhav/real_shit/ros2-mobile-manipulator/build/mobile_manipulator_description
