[0.091s] DEBUG:colcon:Command line arguments: ['/usr/bin/colcon', 'build', '--symlink-install']
[0.091s] DEBUG:colcon:Parsed command line arguments: Namespace(log_base=None, log_level=None, verb_name='build', build_base='build', install_base='install', merge_install=False, symlink_install=True, test_result_base=None, continue_on_error=False, executor='parallel', parallel_workers=20, event_handlers=None, ignore_user_meta=False, metas=['./colcon.meta'], base_paths=['.'], packages_ignore=None, packages_ignore_regex=None, paths=None, packages_up_to=None, packages_up_to_regex=None, packages_above=None, packages_above_and_dependencies=None, packages_above_depth=None, packages_select_by_dep=None, packages_skip_by_dep=None, packages_skip_up_to=None, packages_select_build_failed=False, packages_skip_build_finished=False, packages_select_test_failures=False, packages_skip_test_passed=False, packages_select=None, packages_skip=None, packages_select_regex=None, packages_skip_regex=None, packages_start=None, packages_end=None, allow_overriding=[], cmake_args=None, cmake_target=None, cmake_target_skip_unavailable=False, cmake_clean_cache=False, cmake_clean_first=False, cmake_force_configure=False, ament_cmake_args=None, catkin_cmake_args=None, catkin_skip_building_tests=False, mixin_files=None, mixin=None, verb_parser=<colcon_mixin.mixin.mixin_argument.MixinArgumentDecorator object at 0x76b59a57d040>, verb_extension=<colcon_core.verb.build.BuildVerb object at 0x76b59a57cdd0>, main=<bound method BuildVerb.main of <colcon_core.verb.build.BuildVerb object at 0x76b59a57cdd0>>, mixin_verb=('build',))
[0.126s] Level 1:colcon.colcon_core.package_discovery:discover_packages(colcon_meta) check parameters
[0.126s] Level 1:colcon.colcon_core.package_discovery:discover_packages(recursive) check parameters
[0.126s] Level 1:colcon.colcon_core.package_discovery:discover_packages(ignore) check parameters
[0.126s] Level 1:colcon.colcon_core.package_discovery:discover_packages(path) check parameters
[0.126s] Level 1:colcon.colcon_core.package_discovery:discover_packages(colcon_meta) discover
[0.126s] Level 1:colcon.colcon_core.package_discovery:discover_packages(recursive) discover
[0.126s] INFO:colcon.colcon_core.package_discovery:Crawling recursively for packages in '/home/bangadmadhav/real_shit/ros2-mobile-manipulator'
[0.127s] Level 1:colcon.colcon_core.package_identification:_identify(.) by extensions ['ignore', 'ignore_ament_install']
[0.127s] Level 1:colcon.colcon_core.package_identification:_identify(.) by extension 'ignore'
[0.127s] Level 1:colcon.colcon_core.package_identification:_identify(.) by extension 'ignore_ament_install'
[0.127s] Level 1:colcon.colcon_core.package_identification:_identify(.) by extensions ['colcon_pkg']
[0.127s] Level 1:colcon.colcon_core.package_identification:_identify(.) by extension 'colcon_pkg'
[0.127s] Level 1:colcon.colcon_core.package_identification:_identify(.) by extensions ['colcon_meta']
[0.127s] Level 1:colcon.colcon_core.package_identification:_identify(.) by extension 'colcon_meta'
[0.127s] Level 1:colcon.colcon_core.package_identification:_identify(.) by extensions ['ros']
[0.127s] Level 1:colcon.colcon_core.package_identification:_identify(.) by extension 'ros'
[0.149s] Level 1:colcon.colcon_core.package_identification:_identify(.) by extensions ['cmake', 'python']
[0.149s] Level 1:colcon.colcon_core.package_identification:_identify(.) by extension 'cmake'
[0.150s] Level 1:colcon.colcon_core.package_identification:_identify(.) by extension 'python'
[0.150s] Level 1:colcon.colcon_core.package_identification:_identify(.) by extensions ['python_setup_py']
[0.150s] Level 1:colcon.colcon_core.package_identification:_identify(.) by extension 'python_setup_py'
[0.150s] Level 1:colcon.colcon_core.package_identification:_identify(build) by extensions ['ignore', 'ignore_ament_install']
[0.150s] Level 1:colcon.colcon_core.package_identification:_identify(build) by extension 'ignore'
[0.150s] Level 1:colcon.colcon_core.package_identification:_identify(build) ignored
[0.150s] Level 1:colcon.colcon_core.package_identification:_identify(docs) by extensions ['ignore', 'ignore_ament_install']
[0.150s] Level 1:colcon.colcon_core.package_identification:_identify(docs) by extension 'ignore'
[0.150s] Level 1:colcon.colcon_core.package_identification:_identify(docs) by extension 'ignore_ament_install'
[0.150s] Level 1:colcon.colcon_core.package_identification:_identify(docs) by extensions ['colcon_pkg']
[0.150s] Level 1:colcon.colcon_core.package_identification:_identify(docs) by extension 'colcon_pkg'
[0.150s] Level 1:colcon.colcon_core.package_identification:_identify(docs) by extensions ['colcon_meta']
[0.150s] Level 1:colcon.colcon_core.package_identification:_identify(docs) by extension 'colcon_meta'
[0.150s] Level 1:colcon.colcon_core.package_identification:_identify(docs) by extensions ['ros']
[0.150s] Level 1:colcon.colcon_core.package_identification:_identify(docs) by extension 'ros'
[0.150s] Level 1:colcon.colcon_core.package_identification:_identify(docs) by extensions ['cmake', 'python']
[0.150s] Level 1:colcon.colcon_core.package_identification:_identify(docs) by extension 'cmake'
[0.150s] Level 1:colcon.colcon_core.package_identification:_identify(docs) by extension 'python'
[0.150s] Level 1:colcon.colcon_core.package_identification:_identify(docs) by extensions ['python_setup_py']
[0.150s] Level 1:colcon.colcon_core.package_identification:_identify(docs) by extension 'python_setup_py'
[0.150s] Level 1:colcon.colcon_core.package_identification:_identify(install) by extensions ['ignore', 'ignore_ament_install']
[0.150s] Level 1:colcon.colcon_core.package_identification:_identify(install) by extension 'ignore'
[0.150s] Level 1:colcon.colcon_core.package_identification:_identify(install) ignored
[0.150s] Level 1:colcon.colcon_core.package_identification:_identify(log) by extensions ['ignore', 'ignore_ament_install']
[0.151s] Level 1:colcon.colcon_core.package_identification:_identify(log) by extension 'ignore'
[0.151s] Level 1:colcon.colcon_core.package_identification:_identify(log) ignored
[0.151s] Level 1:colcon.colcon_core.package_identification:_identify(media) by extensions ['ignore', 'ignore_ament_install']
[0.151s] Level 1:colcon.colcon_core.package_identification:_identify(media) by extension 'ignore'
[0.151s] Level 1:colcon.colcon_core.package_identification:_identify(media) by extension 'ignore_ament_install'
[0.151s] Level 1:colcon.colcon_core.package_identification:_identify(media) by extensions ['colcon_pkg']
[0.151s] Level 1:colcon.colcon_core.package_identification:_identify(media) by extension 'colcon_pkg'
[0.151s] Level 1:colcon.colcon_core.package_identification:_identify(media) by extensions ['colcon_meta']
[0.151s] Level 1:colcon.colcon_core.package_identification:_identify(media) by extension 'colcon_meta'
[0.151s] Level 1:colcon.colcon_core.package_identification:_identify(media) by extensions ['ros']
[0.151s] Level 1:colcon.colcon_core.package_identification:_identify(media) by extension 'ros'
[0.151s] Level 1:colcon.colcon_core.package_identification:_identify(media) by extensions ['cmake', 'python']
[0.151s] Level 1:colcon.colcon_core.package_identification:_identify(media) by extension 'cmake'
[0.151s] Level 1:colcon.colcon_core.package_identification:_identify(media) by extension 'python'
[0.151s] Level 1:colcon.colcon_core.package_identification:_identify(media) by extensions ['python_setup_py']
[0.151s] Level 1:colcon.colcon_core.package_identification:_identify(media) by extension 'python_setup_py'
[0.151s] Level 1:colcon.colcon_core.package_identification:_identify(mm_ws) by extensions ['ignore', 'ignore_ament_install']
[0.151s] Level 1:colcon.colcon_core.package_identification:_identify(mm_ws) by extension 'ignore'
[0.151s] Level 1:colcon.colcon_core.package_identification:_identify(mm_ws) by extension 'ignore_ament_install'
[0.151s] Level 1:colcon.colcon_core.package_identification:_identify(mm_ws) by extensions ['colcon_pkg']
[0.151s] Level 1:colcon.colcon_core.package_identification:_identify(mm_ws) by extension 'colcon_pkg'
[0.151s] Level 1:colcon.colcon_core.package_identification:_identify(mm_ws) by extensions ['colcon_meta']
[0.151s] Level 1:colcon.colcon_core.package_identification:_identify(mm_ws) by extension 'colcon_meta'
[0.151s] Level 1:colcon.colcon_core.package_identification:_identify(mm_ws) by extensions ['ros']
[0.151s] Level 1:colcon.colcon_core.package_identification:_identify(mm_ws) by extension 'ros'
[0.151s] Level 1:colcon.colcon_core.package_identification:_identify(mm_ws) by extensions ['cmake', 'python']
[0.151s] Level 1:colcon.colcon_core.package_identification:_identify(mm_ws) by extension 'cmake'
[0.151s] Level 1:colcon.colcon_core.package_identification:_identify(mm_ws) by extension 'python'
[0.151s] Level 1:colcon.colcon_core.package_identification:_identify(mm_ws) by extensions ['python_setup_py']
[0.151s] Level 1:colcon.colcon_core.package_identification:_identify(mm_ws) by extension 'python_setup_py'
[0.151s] Level 1:colcon.colcon_core.package_identification:_identify(mm_ws/build) by extensions ['ignore', 'ignore_ament_install']
[0.151s] Level 1:colcon.colcon_core.package_identification:_identify(mm_ws/build) by extension 'ignore'
[0.151s] Level 1:colcon.colcon_core.package_identification:_identify(mm_ws/build) ignored
[0.151s] Level 1:colcon.colcon_core.package_identification:_identify(mm_ws/install) by extensions ['ignore', 'ignore_ament_install']
[0.152s] Level 1:colcon.colcon_core.package_identification:_identify(mm_ws/install) by extension 'ignore'
[0.152s] Level 1:colcon.colcon_core.package_identification:_identify(mm_ws/install) ignored
[0.152s] Level 1:colcon.colcon_core.package_identification:_identify(mm_ws/log) by extensions ['ignore', 'ignore_ament_install']
[0.152s] Level 1:colcon.colcon_core.package_identification:_identify(mm_ws/log) by extension 'ignore'
[0.152s] Level 1:colcon.colcon_core.package_identification:_identify(mm_ws/log) ignored
[0.152s] Level 1:colcon.colcon_core.package_identification:_identify(mm_ws/src) by extensions ['ignore', 'ignore_ament_install']
[0.152s] Level 1:colcon.colcon_core.package_identification:_identify(mm_ws/src) by extension 'ignore'
[0.152s] Level 1:colcon.colcon_core.package_identification:_identify(mm_ws/src) by extension 'ignore_ament_install'
[0.152s] Level 1:colcon.colcon_core.package_identification:_identify(mm_ws/src) by extensions ['colcon_pkg']
[0.152s] Level 1:colcon.colcon_core.package_identification:_identify(mm_ws/src) by extension 'colcon_pkg'
[0.152s] Level 1:colcon.colcon_core.package_identification:_identify(mm_ws/src) by extensions ['colcon_meta']
[0.152s] Level 1:colcon.colcon_core.package_identification:_identify(mm_ws/src) by extension 'colcon_meta'
[0.152s] Level 1:colcon.colcon_core.package_identification:_identify(mm_ws/src) by extensions ['ros']
[0.152s] Level 1:colcon.colcon_core.package_identification:_identify(mm_ws/src) by extension 'ros'
[0.152s] Level 1:colcon.colcon_core.package_identification:_identify(mm_ws/src) by extensions ['cmake', 'python']
[0.152s] Level 1:colcon.colcon_core.package_identification:_identify(mm_ws/src) by extension 'cmake'
[0.152s] Level 1:colcon.colcon_core.package_identification:_identify(mm_ws/src) by extension 'python'
[0.152s] Level 1:colcon.colcon_core.package_identification:_identify(mm_ws/src) by extensions ['python_setup_py']
[0.152s] Level 1:colcon.colcon_core.package_identification:_identify(mm_ws/src) by extension 'python_setup_py'
[0.152s] Level 1:colcon.colcon_core.package_identification:_identify(mm_ws/src/mobile_manipulator_bringup) by extensions ['ignore', 'ignore_ament_install']
[0.152s] Level 1:colcon.colcon_core.package_identification:_identify(mm_ws/src/mobile_manipulator_bringup) by extension 'ignore'
[0.152s] Level 1:colcon.colcon_core.package_identification:_identify(mm_ws/src/mobile_manipulator_bringup) by extension 'ignore_ament_install'
[0.152s] Level 1:colcon.colcon_core.package_identification:_identify(mm_ws/src/mobile_manipulator_bringup) by extensions ['colcon_pkg']
[0.152s] Level 1:colcon.colcon_core.package_identification:_identify(mm_ws/src/mobile_manipulator_bringup) by extension 'colcon_pkg'
[0.152s] Level 1:colcon.colcon_core.package_identification:_identify(mm_ws/src/mobile_manipulator_bringup) by extensions ['colcon_meta']
[0.152s] Level 1:colcon.colcon_core.package_identification:_identify(mm_ws/src/mobile_manipulator_bringup) by extension 'colcon_meta'
[0.152s] Level 1:colcon.colcon_core.package_identification:_identify(mm_ws/src/mobile_manipulator_bringup) by extensions ['ros']
[0.152s] Level 1:colcon.colcon_core.package_identification:_identify(mm_ws/src/mobile_manipulator_bringup) by extension 'ros'
[0.155s] DEBUG:colcon.colcon_core.package_identification:Package 'mm_ws/src/mobile_manipulator_bringup' with type 'ros.ament_cmake' and name 'mobile_manipulator_bringup'
[0.155s] Level 1:colcon.colcon_core.package_identification:_identify(mm_ws/src/mobile_manipulator_description) by extensions ['ignore', 'ignore_ament_install']
[0.155s] Level 1:colcon.colcon_core.package_identification:_identify(mm_ws/src/mobile_manipulator_description) by extension 'ignore'
[0.155s] Level 1:colcon.colcon_core.package_identification:_identify(mm_ws/src/mobile_manipulator_description) by extension 'ignore_ament_install'
[0.155s] Level 1:colcon.colcon_core.package_identification:_identify(mm_ws/src/mobile_manipulator_description) by extensions ['colcon_pkg']
[0.155s] Level 1:colcon.colcon_core.package_identification:_identify(mm_ws/src/mobile_manipulator_description) by extension 'colcon_pkg'
[0.155s] Level 1:colcon.colcon_core.package_identification:_identify(mm_ws/src/mobile_manipulator_description) by extensions ['colcon_meta']
[0.155s] Level 1:colcon.colcon_core.package_identification:_identify(mm_ws/src/mobile_manipulator_description) by extension 'colcon_meta'
[0.155s] Level 1:colcon.colcon_core.package_identification:_identify(mm_ws/src/mobile_manipulator_description) by extensions ['ros']
[0.155s] Level 1:colcon.colcon_core.package_identification:_identify(mm_ws/src/mobile_manipulator_description) by extension 'ros'
[0.155s] DEBUG:colcon.colcon_core.package_identification:Package 'mm_ws/src/mobile_manipulator_description' with type 'ros.ament_cmake' and name 'mobile_manipulator_description'
[0.156s] Level 1:colcon.colcon_core.package_discovery:discover_packages(recursive) using defaults
[0.156s] Level 1:colcon.colcon_core.package_discovery:discover_packages(ignore) discover
[0.156s] Level 1:colcon.colcon_core.package_discovery:discover_packages(ignore) using defaults
[0.156s] Level 1:colcon.colcon_core.package_discovery:discover_packages(path) discover
[0.156s] Level 1:colcon.colcon_core.package_discovery:discover_packages(path) using defaults
[0.172s] Level 1:colcon.colcon_core.package_discovery:discover_packages(prefix_path) check parameters
[0.172s] Level 1:colcon.colcon_core.package_discovery:discover_packages(prefix_path) discover
[0.174s] DEBUG:colcon.colcon_installed_package_information.package_discovery:Found 2 installed packages in /home/bangadmadhav/real_shit/ros2-mobile-manipulator/mm_ws/install
[0.176s] DEBUG:colcon.colcon_installed_package_information.package_discovery:Found 323 installed packages in /opt/ros/jazzy
[0.176s] Level 1:colcon.colcon_core.package_discovery:discover_packages(prefix_path) using defaults
[0.211s] Level 5:colcon.colcon_core.verb:set package 'mobile_manipulator_bringup' build argument 'cmake_args' from command line to 'None'
[0.211s] Level 5:colcon.colcon_core.verb:set package 'mobile_manipulator_bringup' build argument 'cmake_target' from command line to 'None'
[0.211s] Level 5:colcon.colcon_core.verb:set package 'mobile_manipulator_bringup' build argument 'cmake_target_skip_unavailable' from command line to 'False'
[0.211s] Level 5:colcon.colcon_core.verb:set package 'mobile_manipulator_bringup' build argument 'cmake_clean_cache' from command line to 'False'
[0.211s] Level 5:colcon.colcon_core.verb:set package 'mobile_manipulator_bringup' build argument 'cmake_clean_first' from command line to 'False'
[0.211s] Level 5:colcon.colcon_core.verb:set package 'mobile_manipulator_bringup' build argument 'cmake_force_configure' from command line to 'False'
[0.211s] Level 5:colcon.colcon_core.verb:set package 'mobile_manipulator_bringup' build argument 'ament_cmake_args' from command line to 'None'
[0.211s] Level 5:colcon.colcon_core.verb:set package 'mobile_manipulator_bringup' build argument 'catkin_cmake_args' from command line to 'None'
[0.211s] Level 5:colcon.colcon_core.verb:set package 'mobile_manipulator_bringup' build argument 'catkin_skip_building_tests' from command line to 'False'
[0.211s] DEBUG:colcon.colcon_core.verb:Building package 'mobile_manipulator_bringup' with the following arguments: {'ament_cmake_args': None, 'build_base': '/home/bangadmadhav/real_shit/ros2-mobile-manipulator/build/mobile_manipulator_bringup', 'catkin_cmake_args': None, 'catkin_skip_building_tests': False, 'cmake_args': None, 'cmake_clean_cache': False, 'cmake_clean_first': False, 'cmake_force_configure': False, 'cmake_target': None, 'cmake_target_skip_unavailable': False, 'install_base': '/home/bangadmadhav/real_shit/ros2-mobile-manipulator/install/mobile_manipulator_bringup', 'merge_install': False, 'path': '/home/bangadmadhav/real_shit/ros2-mobile-manipulator/mm_ws/src/mobile_manipulator_bringup', 'symlink_install': True, 'test_result_base': None}
[0.211s] Level 5:colcon.colcon_core.verb:set package 'mobile_manipulator_description' build argument 'cmake_args' from command line to 'None'
[0.211s] Level 5:colcon.colcon_core.verb:set package 'mobile_manipulator_description' build argument 'cmake_target' from command line to 'None'
[0.211s] Level 5:colcon.colcon_core.verb:set package 'mobile_manipulator_description' build argument 'cmake_target_skip_unavailable' from command line to 'False'
[0.211s] Level 5:colcon.colcon_core.verb:set package 'mobile_manipulator_description' build argument 'cmake_clean_cache' from command line to 'False'
[0.211s] Level 5:colcon.colcon_core.verb:set package 'mobile_manipulator_description' build argument 'cmake_clean_first' from command line to 'False'
[0.211s] Level 5:colcon.colcon_core.verb:set package 'mobile_manipulator_description' build argument 'cmake_force_configure' from command line to 'False'
[0.211s] Level 5:colcon.colcon_core.verb:set package 'mobile_manipulator_description' build argument 'ament_cmake_args' from command line to 'None'
[0.211s] Level 5:colcon.colcon_core.verb:set package 'mobile_manipulator_description' build argument 'catkin_cmake_args' from command line to 'None'
[0.211s] Level 5:colcon.colcon_core.verb:set package 'mobile_manipulator_description' build argument 'catkin_skip_building_tests' from command line to 'False'
[0.211s] DEBUG:colcon.colcon_core.verb:Building package 'mobile_manipulator_description' with the following arguments: {'ament_cmake_args': None, 'build_base': '/home/bangadmadhav/real_shit/ros2-mobile-manipulator/build/mobile_manipulator_description', 'catkin_cmake_args': None, 'catkin_skip_building_tests': False, 'cmake_args': None, 'cmake_clean_cache': False, 'cmake_clean_first': False, 'cmake_force_configure': False, 'cmake_target': None, 'cmake_target_skip_unavailable': False, 'install_base': '/home/bangadmadhav/real_shit/ros2-mobile-manipulator/install/mobile_manipulator_description', 'merge_install': False, 'path': '/home/bangadmadhav/real_shit/ros2-mobile-manipulator/mm_ws/src/mobile_manipulator_description', 'symlink_install': True, 'test_result_base': None}
[0.211s] INFO:colcon.colcon_core.executor:Executing jobs using 'parallel' executor
[0.214s] DEBUG:colcon.colcon_parallel_executor.executor.parallel:run_until_complete
[0.214s] INFO:colcon.colcon_ros.task.ament_cmake.build:Building ROS package in '/home/bangadmadhav/real_shit/ros2-mobile-manipulator/mm_ws/src/mobile_manipulator_bringup' with build type 'ament_cmake'
[0.214s] INFO:colcon.colcon_cmake.task.cmake.build:Building CMake package in '/home/bangadmadhav/real_shit/ros2-mobile-manipulator/mm_ws/src/mobile_manipulator_bringup'
[0.217s] INFO:colcon.colcon_core.plugin_system:Skipping extension 'colcon_core.shell.bat': Not used on non-Windows systems
[0.217s] INFO:colcon.colcon_core.shell:Skip shell extension 'powershell' for command environment: Not usable outside of PowerShell
[0.217s] DEBUG:colcon.colcon_core.shell:Skip shell extension 'dsv' for command environment
[0.220s] INFO:colcon.colcon_ros.task.ament_cmake.build:Building ROS package in '/home/bangadmadhav/real_shit/ros2-mobile-manipulator/mm_ws/src/mobile_manipulator_description' with build type 'ament_cmake'
[0.220s] INFO:colcon.colcon_cmake.task.cmake.build:Building CMake package in '/home/bangadmadhav/real_shit/ros2-mobile-manipulator/mm_ws/src/mobile_manipulator_description'
[0.220s] INFO:colcon.colcon_core.shell:Skip shell extension 'powershell' for command environment: Not usable outside of PowerShell
[0.220s] DEBUG:colcon.colcon_core.shell:Skip shell extension 'dsv' for command environment
[0.226s] DEBUG:colcon.colcon_core.event_handler.log_command:Invoking command in '/home/bangadmadhav/real_shit/ros2-mobile-manipulator/build/mobile_manipulator_bringup': CMAKE_PREFIX_PATH=${CMAKE_PREFIX_PATH}:/opt/ros/jazzy DEBUGINFOD_URLS=https://debuginfod.ubuntu.com /usr/bin/cmake /home/bangadmadhav/real_shit/ros2-mobile-manipulator/mm_ws/src/mobile_manipulator_bringup -DAMENT_CMAKE_SYMLINK_INSTALL=1 -DCMAKE_INSTALL_PREFIX=/home/bangadmadhav/real_shit/ros2-mobile-manipulator/install/mobile_manipulator_bringup
[0.230s] DEBUG:colcon.colcon_core.event_handler.log_command:Invoking command in '/home/bangadmadhav/real_shit/ros2-mobile-manipulator/build/mobile_manipulator_description': CMAKE_PREFIX_PATH=${CMAKE_PREFIX_PATH}:/opt/ros/jazzy DEBUGINFOD_URLS=https://debuginfod.ubuntu.com /usr/bin/cmake /home/bangadmadhav/real_shit/ros2-mobile-manipulator/mm_ws/src/mobile_manipulator_description -DAMENT_CMAKE_SYMLINK_INSTALL=1 -DCMAKE_INSTALL_PREFIX=/home/bangadmadhav/real_shit/ros2-mobile-manipulator/install/mobile_manipulator_description
[1.018s] DEBUG:colcon.colcon_core.event_handler.log_command:Invoked command in '/home/bangadmadhav/real_shit/ros2-mobile-manipulator/build/mobile_manipulator_bringup' returned '0': CMAKE_PREFIX_PATH=${CMAKE_PREFIX_PATH}:/opt/ros/jazzy DEBUGINFOD_URLS=https://debuginfod.ubuntu.com /usr/bin/cmake /home/bangadmadhav/real_shit/ros2-mobile-manipulator/mm_ws/src/mobile_manipulator_bringup -DAMENT_CMAKE_SYMLINK_INSTALL=1 -DCMAKE_INSTALL_PREFIX=/home/bangadmadhav/real_shit/ros2-mobile-manipulator/install/mobile_manipulator_bringup
[1.020s] DEBUG:colcon.colcon_core.event_handler.log_command:Invoking command in '/home/bangadmadhav/real_shit/ros2-mobile-manipulator/build/mobile_manipulator_bringup': CMAKE_PREFIX_PATH=${CMAKE_PREFIX_PATH}:/opt/ros/jazzy DEBUGINFOD_URLS=https://debuginfod.ubuntu.com /usr/bin/cmake --build /home/bangadmadhav/real_shit/ros2-mobile-manipulator/build/mobile_manipulator_bringup -- -j20 -l20
[1.029s] DEBUG:colcon.colcon_core.event_handler.log_command:Invoked command in '/home/bangadmadhav/real_shit/ros2-mobile-manipulator/build/mobile_manipulator_description' returned '0': CMAKE_PREFIX_PATH=${CMAKE_PREFIX_PATH}:/opt/ros/jazzy DEBUGINFOD_URLS=https://debuginfod.ubuntu.com /usr/bin/cmake /home/bangadmadhav/real_shit/ros2-mobile-manipulator/mm_ws/src/mobile_manipulator_description -DAMENT_CMAKE_SYMLINK_INSTALL=1 -DCMAKE_INSTALL_PREFIX=/home/bangadmadhav/real_shit/ros2-mobile-manipulator/install/mobile_manipulator_description
[1.030s] DEBUG:colcon.colcon_core.event_handler.log_command:Invoking command in '/home/bangadmadhav/real_shit/ros2-mobile-manipulator/build/mobile_manipulator_description': CMAKE_PREFIX_PATH=${CMAKE_PREFIX_PATH}:/opt/ros/jazzy DEBUGINFOD_URLS=https://debuginfod.ubuntu.com /usr/bin/cmake --build /home/bangadmadhav/real_shit/ros2-mobile-manipulator/build/mobile_manipulator_description -- -j20 -l20
[1.064s] DEBUG:colcon.colcon_core.event_handler.log_command:Invoked command in '/home/bangadmadhav/real_shit/ros2-mobile-manipulator/build/mobile_manipulator_bringup' returned '0': CMAKE_PREFIX_PATH=${CMAKE_PREFIX_PATH}:/opt/ros/jazzy DEBUGINFOD_URLS=https://debuginfod.ubuntu.com /usr/bin/cmake --build /home/bangadmadhav/real_shit/ros2-mobile-manipulator/build/mobile_manipulator_bringup -- -j20 -l20
[1.074s] DEBUG:colcon.colcon_core.event_handler.log_command:Invoking command in '/home/bangadmadhav/real_shit/ros2-mobile-manipulator/build/mobile_manipulator_bringup': CMAKE_PREFIX_PATH=${CMAKE_PREFIX_PATH}:/opt/ros/jazzy DEBUGINFOD_URLS=https://debuginfod.ubuntu.com /usr/bin/cmake --install /home/bangadmadhav/real_shit/ros2-mobile-manipulator/build/mobile_manipulator_bringup
[1.076s] DEBUG:colcon.colcon_core.event_handler.log_command:Invoked command in '/home/bangadmadhav/real_shit/ros2-mobile-manipulator/build/mobile_manipulator_description' returned '0': CMAKE_PREFIX_PATH=${CMAKE_PREFIX_PATH}:/opt/ros/jazzy DEBUGINFOD_URLS=https://debuginfod.ubuntu.com /usr/bin/cmake --build /home/bangadmadhav/real_shit/ros2-mobile-manipulator/build/mobile_manipulator_description -- -j20 -l20
[1.077s] DEBUG:colcon.colcon_core.event_handler.log_command:Invoking command in '/home/bangadmadhav/real_shit/ros2-mobile-manipulator/build/mobile_manipulator_description': CMAKE_PREFIX_PATH=${CMAKE_PREFIX_PATH}:/opt/ros/jazzy DEBUGINFOD_URLS=https://debuginfod.ubuntu.com /usr/bin/cmake --install /home/bangadmadhav/real_shit/ros2-mobile-manipulator/build/mobile_manipulator_description
[1.270s] Level 1:colcon.colcon_core.environment:create_environment_scripts_only(mobile_manipulator_bringup)
[1.271s] DEBUG:colcon.colcon_core.event_handler.log_command:Invoked command in '/home/bangadmadhav/real_shit/ros2-mobile-manipulator/build/mobile_manipulator_bringup' returned '0': CMAKE_PREFIX_PATH=${CMAKE_PREFIX_PATH}:/opt/ros/jazzy DEBUGINFOD_URLS=https://debuginfod.ubuntu.com /usr/bin/cmake --install /home/bangadmadhav/real_shit/ros2-mobile-manipulator/build/mobile_manipulator_bringup
[1.273s] Level 1:colcon.colcon_core.environment:checking '/home/bangadmadhav/real_shit/ros2-mobile-manipulator/install/mobile_manipulator_bringup' for CMake module files
[1.274s] Level 1:colcon.colcon_core.environment:checking '/home/bangadmadhav/real_shit/ros2-mobile-manipulator/install/mobile_manipulator_bringup' for CMake config files
[1.274s] Level 1:colcon.colcon_core.shell:create_environment_hook('mobile_manipulator_bringup', 'cmake_prefix_path')
[1.274s] INFO:colcon.colcon_core.shell:Creating environment hook '/home/bangadmadhav/real_shit/ros2-mobile-manipulator/install/mobile_manipulator_bringup/share/mobile_manipulator_bringup/hook/cmake_prefix_path.ps1'
[1.275s] INFO:colcon.colcon_core.shell:Creating environment descriptor '/home/bangadmadhav/real_shit/ros2-mobile-manipulator/install/mobile_manipulator_bringup/share/mobile_manipulator_bringup/hook/cmake_prefix_path.dsv'
[1.276s] INFO:colcon.colcon_core.shell:Creating environment hook '/home/bangadmadhav/real_shit/ros2-mobile-manipulator/install/mobile_manipulator_bringup/share/mobile_manipulator_bringup/hook/cmake_prefix_path.sh'
[1.276s] Level 1:colcon.colcon_core.environment:checking '/home/bangadmadhav/real_shit/ros2-mobile-manipulator/install/mobile_manipulator_bringup/bin'
[1.276s] Level 1:colcon.colcon_core.environment:checking '/home/bangadmadhav/real_shit/ros2-mobile-manipulator/install/mobile_manipulator_bringup/lib/pkgconfig/mobile_manipulator_bringup.pc'
[1.277s] Level 1:colcon.colcon_core.environment:checking '/home/bangadmadhav/real_shit/ros2-mobile-manipulator/install/mobile_manipulator_bringup/lib/python3.12/site-packages'
[1.277s] Level 1:colcon.colcon_core.environment:checking '/home/bangadmadhav/real_shit/ros2-mobile-manipulator/install/mobile_manipulator_bringup/bin'
[1.277s] INFO:colcon.colcon_core.shell:Creating package script '/home/bangadmadhav/real_shit/ros2-mobile-manipulator/install/mobile_manipulator_bringup/share/mobile_manipulator_bringup/package.ps1'
[1.278s] INFO:colcon.colcon_core.shell:Creating package descriptor '/home/bangadmadhav/real_shit/ros2-mobile-manipulator/install/mobile_manipulator_bringup/share/mobile_manipulator_bringup/package.dsv'
[1.278s] INFO:colcon.colcon_core.shell:Creating package script '/home/bangadmadhav/real_shit/ros2-mobile-manipulator/install/mobile_manipulator_bringup/share/mobile_manipulator_bringup/package.sh'
[1.278s] INFO:colcon.colcon_core.shell:Creating package script '/home/bangadmadhav/real_shit/ros2-mobile-manipulator/install/mobile_manipulator_bringup/share/mobile_manipulator_bringup/package.bash'
[1.279s] INFO:colcon.colcon_core.shell:Creating package script '/home/bangadmadhav/real_shit/ros2-mobile-manipulator/install/mobile_manipulator_bringup/share/mobile_manipulator_bringup/package.zsh'
[1.279s] Level 1:colcon.colcon_core.environment:create_file_with_runtime_dependencies(/home/bangadmadhav/real_shit/ros2-mobile-manipulator/install/mobile_manipulator_bringup/share/colcon-core/packages/mobile_manipulator_bringup)
[1.279s] Level 1:colcon.colcon_core.environment:create_environment_scripts_only(mobile_manipulator_bringup)
[1.279s] Level 1:colcon.colcon_core.environment:checking '/home/bangadmadhav/real_shit/ros2-mobile-manipulator/install/mobile_manipulator_bringup' for CMake module files
[1.280s] Level 1:colcon.colcon_core.environment:checking '/home/bangadmadhav/real_shit/ros2-mobile-manipulator/install/mobile_manipulator_bringup' for CMake config files
[1.280s] Level 1:colcon.colcon_core.shell:create_environment_hook('mobile_manipulator_bringup', 'cmake_prefix_path')
[1.280s] INFO:colcon.colcon_core.shell:Creating environment hook '/home/bangadmadhav/real_shit/ros2-mobile-manipulator/install/mobile_manipulator_bringup/share/mobile_manipulator_bringup/hook/cmake_prefix_path.ps1'
[1.281s] INFO:colcon.colcon_core.shell:Creating environment descriptor '/home/bangadmadhav/real_shit/ros2-mobile-manipulator/install/mobile_manipulator_bringup/share/mobile_manipulator_bringup/hook/cmake_prefix_path.dsv'
[1.281s] INFO:colcon.colcon_core.shell:Creating environment hook '/home/bangadmadhav/real_shit/ros2-mobile-manipulator/install/mobile_manipulator_bringup/share/mobile_manipulator_bringup/hook/cmake_prefix_path.sh'
[1.281s] Level 1:colcon.colcon_core.environment:checking '/home/bangadmadhav/real_shit/ros2-mobile-manipulator/install/mobile_manipulator_bringup/bin'
[1.281s] Level 1:colcon.colcon_core.environment:checking '/home/bangadmadhav/real_shit/ros2-mobile-manipulator/install/mobile_manipulator_bringup/lib/pkgconfig/mobile_manipulator_bringup.pc'
[1.282s] Level 1:colcon.colcon_core.environment:checking '/home/bangadmadhav/real_shit/ros2-mobile-manipulator/install/mobile_manipulator_bringup/lib/python3.12/site-packages'
[1.282s] Level 1:colcon.colcon_core.environment:checking '/home/bangadmadhav/real_shit/ros2-mobile-manipulator/install/mobile_manipulator_bringup/bin'
[1.282s] INFO:colcon.colcon_core.shell:Creating package script '/home/bangadmadhav/real_shit/ros2-mobile-manipulator/install/mobile_manipulator_bringup/share/mobile_manipulator_bringup/package.ps1'
[1.283s] INFO:colcon.colcon_core.shell:Creating package descriptor '/home/bangadmadhav/real_shit/ros2-mobile-manipulator/install/mobile_manipulator_bringup/share/mobile_manipulator_bringup/package.dsv'
[1.283s] INFO:colcon.colcon_core.shell:Creating package script '/home/bangadmadhav/real_shit/ros2-mobile-manipulator/install/mobile_manipulator_bringup/share/mobile_manipulator_bringup/package.sh'
[1.283s] INFO:colcon.colcon_core.shell:Creating package script '/home/bangadmadhav/real_shit/ros2-mobile-manipulator/install/mobile_manipulator_bringup/share/mobile_manipulator_bringup/package.bash'
[1.283s] INFO:colcon.colcon_core.shell:Creating package script '/home/bangadmadhav/real_shit/ros2-mobile-manipulator/install/mobile_manipulator_bringup/share/mobile_manipulator_bringup/package.zsh'
[1.284s] Level 1:colcon.colcon_core.environment:create_file_with_runtime_dependencies(/home/bangadmadhav/real_shit/ros2-mobile-manipulator/install/mobile_manipulator_bringup/share/colcon-core/packages/mobile_manipulator_bringup)
[1.285s] Level 1:colcon.colcon_core.environment:create_environment_scripts_only(mobile_manipulator_description)
[1.285s] Level 1:colcon.colcon_core.environment:checking '/home/bangadmadhav/real_shit/ros2-mobile-manipulator/install/mobile_manipulator_description' for CMake module files
[1.286s] DEBUG:colcon.colcon_core.event_handler.log_command:Invoked command in '/home/bangadmadhav/real_shit/ros2-mobile-manipulator/build/mobile_manipulator_description' returned '0': CMAKE_PREFIX_PATH=${CMAKE_PREFIX_PATH}:/opt/ros/jazzy DEBUGINFOD_URLS=https://debuginfod.ubuntu.com /usr/bin/cmake --install /home/bangadmadhav/real_shit/ros2-mobile-manipulator/build/mobile_manipulator_description
[1.286s] Level 1:colcon.colcon_core.environment:checking '/home/bangadmadhav/real_shit/ros2-mobile-manipulator/install/mobile_manipulator_description' for CMake config files
[1.286s] Level 1:colcon.colcon_core.shell:create_environment_hook('mobile_manipulator_description', 'cmake_prefix_path')
[1.286s] INFO:colcon.colcon_core.shell:Creating environment hook '/home/bangadmadhav/real_shit/ros2-mobile-manipulator/install/mobile_manipulator_description/share/mobile_manipulator_description/hook/cmake_prefix_path.ps1'
[1.287s] INFO:colcon.colcon_core.shell:Creating environment descriptor '/home/bangadmadhav/real_shit/ros2-mobile-manipulator/install/mobile_manipulator_description/share/mobile_manipulator_description/hook/cmake_prefix_path.dsv'
[1.287s] INFO:colcon.colcon_core.shell:Creating environment hook '/home/bangadmadhav/real_shit/ros2-mobile-manipulator/install/mobile_manipulator_description/share/mobile_manipulator_description/hook/cmake_prefix_path.sh'
[1.287s] Level 1:colcon.colcon_core.environment:checking '/home/bangadmadhav/real_shit/ros2-mobile-manipulator/install/mobile_manipulator_description/bin'
[1.287s] Level 1:colcon.colcon_core.environment:checking '/home/bangadmadhav/real_shit/ros2-mobile-manipulator/install/mobile_manipulator_description/lib/pkgconfig/mobile_manipulator_description.pc'
[1.287s] Level 1:colcon.colcon_core.environment:checking '/home/bangadmadhav/real_shit/ros2-mobile-manipulator/install/mobile_manipulator_description/lib/python3.12/site-packages'
[1.288s] Level 1:colcon.colcon_core.environment:checking '/home/bangadmadhav/real_shit/ros2-mobile-manipulator/install/mobile_manipulator_description/bin'
[1.288s] INFO:colcon.colcon_core.shell:Creating package script '/home/bangadmadhav/real_shit/ros2-mobile-manipulator/install/mobile_manipulator_description/share/mobile_manipulator_description/package.ps1'
[1.288s] INFO:colcon.colcon_core.shell:Creating package descriptor '/home/bangadmadhav/real_shit/ros2-mobile-manipulator/install/mobile_manipulator_description/share/mobile_manipulator_description/package.dsv'
[1.288s] INFO:colcon.colcon_core.shell:Creating package script '/home/bangadmadhav/real_shit/ros2-mobile-manipulator/install/mobile_manipulator_description/share/mobile_manipulator_description/package.sh'
[1.289s] INFO:colcon.colcon_core.shell:Creating package script '/home/bangadmadhav/real_shit/ros2-mobile-manipulator/install/mobile_manipulator_description/share/mobile_manipulator_description/package.bash'
[1.289s] INFO:colcon.colcon_core.shell:Creating package script '/home/bangadmadhav/real_shit/ros2-mobile-manipulator/install/mobile_manipulator_description/share/mobile_manipulator_description/package.zsh'
[1.289s] Level 1:colcon.colcon_core.environment:create_file_with_runtime_dependencies(/home/bangadmadhav/real_shit/ros2-mobile-manipulator/install/mobile_manipulator_description/share/colcon-core/packages/mobile_manipulator_description)
[1.289s] Level 1:colcon.colcon_core.environment:create_environment_scripts_only(mobile_manipulator_description)
[1.289s] Level 1:colcon.colcon_core.environment:checking '/home/bangadmadhav/real_shit/ros2-mobile-manipulator/install/mobile_manipulator_description' for CMake module files
[1.290s] Level 1:colcon.colcon_core.environment:checking '/home/bangadmadhav/real_shit/ros2-mobile-manipulator/install/mobile_manipulator_description' for CMake config files
[1.290s] Level 1:colcon.colcon_core.shell:create_environment_hook('mobile_manipulator_description', 'cmake_prefix_path')
[1.290s] INFO:colcon.colcon_core.shell:Creating environment hook '/home/bangadmadhav/real_shit/ros2-mobile-manipulator/install/mobile_manipulator_description/share/mobile_manipulator_description/hook/cmake_prefix_path.ps1'
[1.291s] INFO:colcon.colcon_core.shell:Creating environment descriptor '/home/bangadmadhav/real_shit/ros2-mobile-manipulator/install/mobile_manipulator_description/share/mobile_manipulator_description/hook/cmake_prefix_path.dsv'
[1.291s] INFO:colcon.colcon_core.shell:Creating environment hook '/home/bangadmadhav/real_shit/ros2-mobile-manipulator/install/mobile_manipulator_description/share/mobile_manipulator_description/hook/cmake_prefix_path.sh'
[1.292s] Level 1:colcon.colcon_core.environment:checking '/home/bangadmadhav/real_shit/ros2-mobile-manipulator/install/mobile_manipulator_description/bin'
[1.292s] Level 1:colcon.colcon_core.environment:checking '/home/bangadmadhav/real_shit/ros2-mobile-manipulator/install/mobile_manipulator_description/lib/pkgconfig/mobile_manipulator_description.pc'
[1.292s] Level 1:colcon.colcon_core.environment:checking '/home/bangadmadhav/real_shit/ros2-mobile-manipulator/install/mobile_manipulator_description/lib/python3.12/site-packages'
[1.292s] Level 1:colcon.colcon_core.environment:checking '/home/bangadmadhav/real_shit/ros2-mobile-manipulator/install/mobile_manipulator_description/bin'
[1.292s] INFO:colcon.colcon_core.shell:Creating package script '/home/bangadmadhav/real_shit/ros2-mobile-manipulator/install/mobile_manipulator_description/share/mobile_manipulator_description/package.ps1'
[1.293s] INFO:colcon.colcon_core.shell:Creating package descriptor '/home/bangadmadhav/real_shit/ros2-mobile-manipulator/install/mobile_manipulator_description/share/mobile_manipulator_description/package.dsv'
[1.293s] INFO:colcon.colcon_core.shell:Creating package script '/home/bangadmadhav/real_shit/ros2-mobile-manipulator/install/mobile_manipulator_description/share/mobile_manipulator_description/package.sh'
[1.293s] INFO:colcon.colcon_core.shell:Creating package script '/home/bangadmadhav/real_shit/ros2-mobile-manipulator/install/mobile_manipulator_description/share/mobile_manipulator_description/package.bash'
[1.294s] INFO:colcon.colcon_core.shell:Creating package script '/home/bangadmadhav/real_shit/ros2-mobile-manipulator/install/mobile_manipulator_description/share/mobile_manipulator_description/package.zsh'
[1.294s] Level 1:colcon.colcon_core.environment:create_file_with_runtime_dependencies(/home/bangadmadhav/real_shit/ros2-mobile-manipulator/install/mobile_manipulator_description/share/colcon-core/packages/mobile_manipulator_description)
[1.294s] DEBUG:colcon.colcon_parallel_executor.executor.parallel:closing loop
[1.294s] DEBUG:colcon.colcon_parallel_executor.executor.parallel:loop closed
[1.294s] DEBUG:colcon.colcon_parallel_executor.executor.parallel:run_until_complete finished with '0'
[1.294s] DEBUG:colcon.colcon_core.event_reactor:joining thread
[1.301s] INFO:colcon.colcon_core.plugin_system:Skipping extension 'colcon_notification.desktop_notification.terminal_notifier': Not used on non-Darwin systems
[1.301s] INFO:colcon.colcon_core.plugin_system:Skipping extension 'colcon_notification.desktop_notification.win32': Not used on non-Windows systems
[1.301s] INFO:colcon.colcon_notification.desktop_notification:Sending desktop notification using 'notify2'
[1.318s] DEBUG:colcon.colcon_core.event_reactor:joined thread
[1.319s] INFO:colcon.colcon_core.shell:Creating prefix script '/home/bangadmadhav/real_shit/ros2-mobile-manipulator/install/local_setup.ps1'
[1.320s] INFO:colcon.colcon_core.shell:Creating prefix util module '/home/bangadmadhav/real_shit/ros2-mobile-manipulator/install/_local_setup_util_ps1.py'
[1.321s] INFO:colcon.colcon_core.shell:Creating prefix chain script '/home/bangadmadhav/real_shit/ros2-mobile-manipulator/install/setup.ps1'
[1.322s] INFO:colcon.colcon_core.shell:Creating prefix script '/home/bangadmadhav/real_shit/ros2-mobile-manipulator/install/local_setup.sh'
[1.322s] INFO:colcon.colcon_core.shell:Creating prefix util module '/home/bangadmadhav/real_shit/ros2-mobile-manipulator/install/_local_setup_util_sh.py'
[1.322s] INFO:colcon.colcon_core.shell:Creating prefix chain script '/home/bangadmadhav/real_shit/ros2-mobile-manipulator/install/setup.sh'
[1.323s] INFO:colcon.colcon_core.shell:Creating prefix script '/home/bangadmadhav/real_shit/ros2-mobile-manipulator/install/local_setup.bash'
[1.323s] INFO:colcon.colcon_core.shell:Creating prefix chain script '/home/bangadmadhav/real_shit/ros2-mobile-manipulator/install/setup.bash'
[1.324s] INFO:colcon.colcon_core.shell:Creating prefix script '/home/bangadmadhav/real_shit/ros2-mobile-manipulator/install/local_setup.zsh'
[1.324s] INFO:colcon.colcon_core.shell:Creating prefix chain script '/home/bangadmadhav/real_shit/ros2-mobile-manipulator/install/setup.zsh'
