[0.012s] Invoking command in '/home/bangadmadhav/real_shit/ros2-mobile-manipulator/build/mobile_manipulator_description': CMAKE_PREFIX_PATH=${CMAKE_PREFIX_PATH}:/opt/ros/jazzy DEBUGINFOD_URLS=https://debuginfod.ubuntu.com /usr/bin/cmake --build /home/bangadmadhav/real_shit/ros2-mobile-manipulator/build/mobile_manipulator_description -- -j20 -l20
[0.072s] Invoked command in '/home/bangadmadhav/real_shit/ros2-mobile-manipulator/build/mobile_manipulator_description' returned '0': CMAKE_PREFIX_PATH=${CMAKE_PREFIX_PATH}:/opt/ros/jazzy DEBUGINFOD_URLS=https://debuginfod.ubuntu.com /usr/bin/cmake --build /home/bangadmadhav/real_shit/ros2-mobile-manipulator/build/mobile_manipulator_description -- -j20 -l20
[0.073s] Invoking command in '/home/bangadmadhav/real_shit/ros2-mobile-manipulator/build/mobile_manipulator_description': CMAKE_PREFIX_PATH=${CMAKE_PREFIX_PATH}:/opt/ros/jazzy DEBUGINFOD_URLS=https://debuginfod.ubuntu.com /usr/bin/cmake --install /home/bangadmadhav/real_shit/ros2-mobile-manipulator/build/mobile_manipulator_description
[0.081s] -- Install configuration: ""
[0.081s] -- Execute custom install script
[0.082s] -- Up-to-date symlink: /home/bangadmadhav/real_shit/ros2-mobile-manipulator/install/mobile_manipulator_description/share/mobile_manipulator_description/urdf/gazebo_setup.xacro
[0.082s] -- Up-to-date symlink: /home/bangadmadhav/real_shit/ros2-mobile-manipulator/install/mobile_manipulator_description/share/mobile_manipulator_description/urdf/inertia.xacro
[0.082s] -- Up-to-date symlink: /home/bangadmadhav/real_shit/ros2-mobile-manipulator/install/mobile_manipulator_description/share/mobile_manipulator_description/urdf/mobile_manipulator.urdf.xacro
[0.082s] -- Up-to-date symlink: /home/bangadmadhav/real_shit/ros2-mobile-manipulator/install/mobile_manipulator_description/share/mobile_manipulator_description/urdf/properties.xacro
[0.082s] -- Up-to-date symlink: /home/bangadmadhav/real_shit/ros2-mobile-manipulator/install/mobile_manipulator_description/share/ament_index/resource_index/package_run_dependencies/mobile_manipulator_description
[0.083s] -- Up-to-date symlink: /home/bangadmadhav/real_shit/ros2-mobile-manipulator/install/mobile_manipulator_description/share/ament_index/resource_index/parent_prefix_path/mobile_manipulator_description
[0.083s] -- Up-to-date symlink: /home/bangadmadhav/real_shit/ros2-mobile-manipulator/install/mobile_manipulator_description/share/mobile_manipulator_description/environment/ament_prefix_path.sh
[0.083s] -- Up-to-date symlink: /home/bangadmadhav/real_shit/ros2-mobile-manipulator/install/mobile_manipulator_description/share/mobile_manipulator_description/environment/ament_prefix_path.dsv
[0.083s] -- Up-to-date symlink: /home/bangadmadhav/real_shit/ros2-mobile-manipulator/install/mobile_manipulator_description/share/mobile_manipulator_description/environment/path.sh
[0.083s] -- Up-to-date symlink: /home/bangadmadhav/real_shit/ros2-mobile-manipulator/install/mobile_manipulator_description/share/mobile_manipulator_description/environment/path.dsv
[0.083s] -- Up-to-date symlink: /home/bangadmadhav/real_shit/ros2-mobile-manipulator/install/mobile_manipulator_description/share/mobile_manipulator_description/local_setup.bash
[0.083s] -- Up-to-date symlink: /home/bangadmadhav/real_shit/ros2-mobile-manipulator/install/mobile_manipulator_description/share/mobile_manipulator_description/local_setup.sh
[0.083s] -- Up-to-date symlink: /home/bangadmadhav/real_shit/ros2-mobile-manipulator/install/mobile_manipulator_description/share/mobile_manipulator_description/local_setup.zsh
[0.083s] -- Up-to-date symlink: /home/bangadmadhav/real_shit/ros2-mobile-manipulator/install/mobile_manipulator_description/share/mobile_manipulator_description/local_setup.dsv
[0.083s] -- Symlinking: /home/bangadmadhav/real_shit/ros2-mobile-manipulator/install/mobile_manipulator_description/share/mobile_manipulator_description/package.dsv
[0.093s] -- Up-to-date symlink: /home/bangadmadhav/real_shit/ros2-mobile-manipulator/install/mobile_manipulator_description/share/ament_index/resource_index/packages/mobile_manipulator_description
[0.093s] -- Up-to-date symlink: /home/bangadmadhav/real_shit/ros2-mobile-manipulator/install/mobile_manipulator_description/share/mobile_manipulator_description/cmake/mobile_manipulator_descriptionConfig.cmake
[0.093s] -- Up-to-date symlink: /home/bangadmadhav/real_shit/ros2-mobile-manipulator/install/mobile_manipulator_description/share/mobile_manipulator_description/cmake/mobile_manipulator_descriptionConfig-version.cmake
[0.094s] -- Up-to-date symlink: /home/bangadmadhav/real_shit/ros2-mobile-manipulator/install/mobile_manipulator_description/share/mobile_manipulator_description/package.xml
[0.109s] Invoked command in '/home/bangadmadhav/real_shit/ros2-mobile-manipulator/build/mobile_manipulator_description' returned '0': CMAKE_PREFIX_PATH=${CMAKE_PREFIX_PATH}:/opt/ros/jazzy DEBUGINFOD_URLS=https://debuginfod.ubuntu.com /usr/bin/cmake --install /home/bangadmadhav/real_shit/ros2-mobile-manipulator/build/mobile_manipulator_description
